2017-04-12 18:38:34,092 - os.name - Windows 10
2017-04-12 18:38:34,093 - os.arch - amd64
2017-04-12 18:38:34,094 - os.version - 10.0
2017-04-12 18:38:34,094 - java.version - 1.8.0_121
2017-04-12 18:38:34,094 - java.vendor - Oracle Corporation
2017-04-12 18:38:34,094 - java.vendor.url - http://java.oracle.com/
2017-04-12 18:38:34,094 - java.home - C:\Program Files\Java\jdk1.8.0_121\jre
2017-04-12 18:38:34,094 - java.vm.specification.name - Java Virtual Machine Specification
2017-04-12 18:38:34,094 - java.vm.specification.vendor - Oracle Corporation
2017-04-12 18:38:34,094 - java.vm.specification.version - 1.8
2017-04-12 18:38:34,094 - java.class.path - G:\eclipse0130\eclipse\\plugins/org.eclipse.equinox.launcher_1.3.201.v20161025-1711.jar
2017-04-12 18:38:34,094 - java.library.path - G:\eclipse0130\eclipse;C:\WINDOWS\Sun\Java\bin;C:\WINDOWS\system32;C:\WINDOWS;C:/Program Files/Java/jdk1.8.0_121/bin/../jre/bin/server;C:/Program Files/Java/jdk1.8.0_121/bin/../jre/bin;C:/Program Files/Java/jdk1.8.0_121/bin/../jre/lib/amd64;C:\Program Files\Java\jdk1.8.0_121\bin;C:\Program Files (x86)\SepanderSoft;G:\SepanderSoft;C:\WINDOWS\system32;C:\WINDOWS;C:\WINDOWS\System32\Wbem;C:\WINDOWS\System32\WindowsPowerShell\v1.0\;E:\Android\sdk\platform-tools;C:\Program Files\Microsoft\Web Platform Installer\;C:\Users\Tian Lu\AppData\Local\GitHub\PortableGit_d7effa1a4a322478cd29c826b52a0c118ad3db11\cmd;C:\Program Files (x86)\Microsoft SDKs\Azure\CLI\wbin;C:\Program Files\Microsoft Service Fabric\bin\Fabric\Fabric.Code;C:\Program Files\Microsoft SDKs\Service Fabric\Tools\ServiceFabricLocalClusterManager;C:\Program Files\dotnet\;C:\Users\Tian Lu\Downloads\sqlite-snapshot-201703062044\sqlite-snapshot-201703062044;C:\Program Files\Git\cmd;J:\shua;C:\Program Files\MySQL\MySQL Server 5.7\bin;C:\Users\Tian Lu\Anaconda3;C:\Users\Tian Lu\Anaconda3\Scripts;C:\Users\Tian Lu\Anaconda3\Library\bin;C:\Users\Tian Lu\AppData\Local\Microsoft\WindowsApps;G:\vscode\Microsoft VS Code\bin;;C:\Users\Tian Lu\Desktop;;.
2017-04-12 18:38:34,095 - --------------------------------------
2017-04-12 18:38:34,095 - ## Eclipse Plug-ins Log Information ##
2017-04-12 18:38:34,095 - --------------------------------------
2017-04-12 18:38:34,167 - javax.el - 2.2.0.v201303151357
2017-04-12 18:38:34,178 - javax.servlet - 3.1.0.v201410161800
2017-04-12 18:38:34,189 - javax.servlet.jsp - 2.2.0.v201112011158
2017-04-12 18:38:34,202 - com.sun.el - 2.2.0.v201303151357
2017-04-12 18:38:34,202 - org.apache.commons.logging - 1.1.1.v201101211721
2017-04-12 18:38:34,212 - org.apache.jasper.glassfish - 2.2.2.v201501141630
2017-04-12 18:38:34,223 - org.apache.lucene.analysis - 3.5.0.v20120725-1805
2017-04-12 18:38:34,235 - org.apache.lucene.core - 3.5.0.v20120725-1805
2017-04-12 18:38:34,365 - org.eclipse.equinox.http.jetty - 3.3.0.v20160324-1850
2017-04-12 18:38:34,544 - org.eclipse.equinox.http.registry - 1.1.400.v20150715-1528
2017-04-12 18:38:34,557 - org.eclipse.equinox.http.servlet - 1.3.1.v20160808-1329
2017-04-12 18:38:34,694 - org.eclipse.equinox.jsp.jasper - 1.0.500.v20150119-1358
2017-04-12 18:38:34,769 - org.eclipse.equinox.jsp.jasper.registry - 1.0.300.v20130327-1442
2017-04-12 18:38:34,769 - org.eclipse.help.base - 4.1.1.v20161124-1400
2017-04-12 18:38:34,774 - org.eclipse.help.ui - 4.0.200.v20160510-0758
2017-04-12 18:38:34,782 - org.eclipse.help.webapp - 3.8.0.v20160504-0839
2017-04-12 18:38:34,864 - org.eclipse.jetty.continuation - 9.3.9.v20160517
2017-04-12 18:38:34,874 - org.eclipse.jetty.http - 9.3.9.v20160517
2017-04-12 18:38:34,887 - org.eclipse.jetty.io - 9.3.9.v20160517
2017-04-12 18:38:34,902 - org.eclipse.jetty.security - 9.3.9.v20160517
2017-04-12 18:38:34,914 - org.eclipse.jetty.server - 9.3.9.v20160517
2017-04-12 18:38:34,929 - org.eclipse.jetty.servlet - 9.3.9.v20160517
2017-04-12 18:38:34,938 - org.eclipse.jetty.util - 9.3.9.v20160517
2017-04-12 18:38:34,938 - org.eclipse.core.net - 1.3.0.v20160418-1534
2017-04-12 18:38:35,015 - org.eclipse.equinox.security - 1.2.200.v20150715-1528
2017-04-12 18:38:35,035 - org.eclipse.mylyn.bugzilla.core - 3.21.0.v20160909-1813
2017-04-12 18:38:35,035 - org.eclipse.mylyn.bugzilla.ui - 3.21.0.v20160909-1813
2017-04-12 18:38:35,054 - org.eclipse.andmore.hierarchyviewer - 0.5.0.201605181018
2017-04-12 18:38:35,146 - org.eclipse.sequoyah.device.backward - 2.1.0.N20120718-0509
2017-04-12 18:38:35,146 - org.eclipse.sequoyah.device.framework - 2.1.0.N20120718-0509
2017-04-12 18:38:35,148 - org.eclipse.sequoyah.device.framework.ui - 2.1.0.N20120718-0509
2017-04-12 18:38:35,304 - org.eclipse.sequoyah.device.service.start - 2.1.0.N20120718-0509
2017-04-12 18:38:35,450 - org.eclipse.sequoyah.device.service.stop - 2.1.0.N20120718-0509
2017-04-12 18:38:35,617 - org.eclipse.sequoyah.device.framework.wizard - 2.1.0.N20120718-0509
2017-04-12 18:38:35,645 - org.eclipse.buildship.core - 1.0.21.v20161010-1640
2017-04-12 18:38:35,646 - org.eclipse.buildship.ui - 1.0.21.v20161010-1640
2017-04-12 18:38:35,646 - org.eclipse.buildship.branding - 1.0.21.v20161010-1640
2017-04-12 18:38:35,726 - org.eclipse.buildship.stsmigration - 1.0.21.v20161010-1640
2017-04-12 18:38:35,749 - org.eclipse.mylyn.tasks.core - 3.21.0.v20160914-0252
2017-04-12 18:38:35,846 - org.eclipse.mylyn.tasks.index.core - 3.21.0.v20160630-2019
2017-04-12 18:38:35,970 - org.eclipse.mylyn.tasks.index.ui - 3.21.0.v20160630-2019
2017-04-12 18:38:35,980 - org.eclipse.mylyn.tasks.search - 3.21.0.v20160630-2019
2017-04-12 18:38:35,981 - org.eclipse.mylyn.tasks.ui - 3.21.0.v20160913-2131
2017-04-12 18:38:36,000 - org.eclipse.egit.core - 4.4.1.201607150455-r
2017-04-12 18:38:36,002 - org.eclipse.egit.ui - 4.4.1.201607150455-r
2017-04-12 18:38:36,002 - org.eclipse.egit - 4.4.1.201607150455-r
2017-04-12 18:38:36,010 - org.eclipse.egit.doc - 4.4.1.201607150455-r
2017-04-12 18:38:36,031 - org.eclipse.aether.maven - 3.1.0.v20140706-2237
2017-04-12 18:38:36,049 - org.eclipse.gef - 3.11.0.201606061308
2017-04-12 18:38:36,254 - org.eclipse.mylyn.commons.identity.core - 1.13.0.v20160630-1702
2017-04-12 18:38:36,273 - org.eclipse.oomph.p2 - 1.6.0.v20161019-0656
2017-04-12 18:38:36,275 - org.eclipse.oomph.p2.core - 1.6.0.v20161111-1110
2017-04-12 18:38:36,276 - org.eclipse.oomph.p2.edit - 1.6.0.v20161019-0656
2017-04-12 18:38:36,277 - org.eclipse.oomph.p2.ui - 1.6.0.v20161128-0924
2017-04-12 18:38:36,285 - org.eclipse.oomph.p2.doc - 1.6.0.v20161019-0656
2017-04-12 18:38:36,398 - org.eclipse.datatools.enablement.sqlite - 1.1.0.201603142002
2017-04-12 18:38:36,430 - org.eclipse.datatools.enablement.sqlite.dbdefinition - 1.1.0.201603142002
2017-04-12 18:38:36,510 - org.eclipse.datatools.enablement.sqlite.ui - 1.1.0.201603142002
2017-04-12 18:38:36,510 - org.eclipse.datatools.enablement.finfo - 1.6.0.201603142002
2017-04-12 18:38:36,531 - org.eclipse.emf.codegen.ui - 2.6.0.v20160526-0356
2017-04-12 18:38:36,550 - org.eclipse.mylyn.commons.notifications.core - 1.13.0.v20160630-1702
2017-04-12 18:38:36,550 - org.eclipse.mylyn.commons.notifications.feed - 1.13.0.v20160721-2347
2017-04-12 18:38:36,559 - org.eclipse.mylyn.commons.notifications.ui - 1.13.0.v20160630-1702
2017-04-12 18:38:36,582 - org.eclipse.emf.converter - 2.7.0.v20160526-0356
2017-04-12 18:38:36,590 - org.eclipse.emf.importer - 2.9.0.v20160526-0356
2017-04-12 18:38:36,598 - org.eclipse.emf.exporter - 2.7.0.v20160526-0356
2017-04-12 18:38:36,704 - org.eclipse.emf.importer.ecore - 2.8.0.v20160526-0356
2017-04-12 18:38:36,714 - org.eclipse.emf.importer.java - 2.7.0.v20160526-0356
2017-04-12 18:38:36,722 - org.eclipse.emf.importer.rose - 2.8.0.v20160526-0356
2017-04-12 18:38:36,743 - org.eclipse.emf.edit.ui - 2.12.0.v20160526-0356
2017-04-12 18:38:36,762 - org.eclipse.help - 3.7.0.v20160602-1307
2017-04-12 18:38:36,764 - org.eclipse.ui - 3.108.1.v20160929-1045
2017-04-12 18:38:36,765 - org.eclipse.ui.workbench - 3.108.2.v20161025-2029
2017-04-12 18:38:36,765 - org.eclipse.update.configurator - 3.3.400.v20160506-0750
2017-04-12 18:38:36,765 - org.eclipse.rcp - 4.6.2.v20161124-1400
2017-04-12 18:38:36,793 - org.eclipse.recommenders.rcp - 2.4.5.v20161130-1427
2017-04-12 18:38:36,898 - org.eclipse.recommenders.apidocs - 2.4.5.v20161130-1427
2017-04-12 18:38:36,899 - org.eclipse.recommenders.apidocs.rcp - 2.4.5.v20161130-1427
2017-04-12 18:38:37,006 - org.eclipse.recommenders.calls - 2.4.5.v20161130-1427
2017-04-12 18:38:37,016 - org.eclipse.recommenders.calls.rcp - 2.4.5.v20161130-1427
2017-04-12 18:38:37,025 - org.eclipse.recommenders.chain.rcp - 2.4.5.v20161130-1427
2017-04-12 18:38:37,034 - org.eclipse.recommenders.completion.rcp - 2.4.5.v20161130-1427
2017-04-12 18:38:37,093 - org.eclipse.recommenders.constructors - 2.4.5.v20161130-1427
2017-04-12 18:38:37,201 - org.eclipse.recommenders.constructors.rcp - 2.4.5.v20161130-1427
2017-04-12 18:38:37,356 - org.eclipse.recommenders.coordinates - 2.4.5.v20161130-1427
2017-04-12 18:38:37,357 - org.eclipse.recommenders.coordinates.rcp - 2.4.5.v20161130-1427
2017-04-12 18:38:37,440 - org.eclipse.recommenders.injection - 2.4.5.v20161130-1427
2017-04-12 18:38:37,451 - org.eclipse.recommenders.jayes - 2.4.5.v20161130-1427
2017-04-12 18:38:37,625 - org.eclipse.recommenders.jayes.io - 2.4.5.v20161130-1427
2017-04-12 18:38:37,735 - org.eclipse.recommenders.jdt - 2.4.5.v20161130-1427
2017-04-12 18:38:37,745 - org.eclipse.recommenders.models - 2.4.5.v20161130-1427
2017-04-12 18:38:37,746 - org.eclipse.recommenders.models.rcp - 2.4.5.v20161130-1427
2017-04-12 18:38:37,818 - org.eclipse.recommenders.net - 2.4.5.v20161130-1427
2017-04-12 18:38:37,907 - org.eclipse.recommenders.overrides - 2.4.5.v20161130-1427
2017-04-12 18:38:38,012 - org.eclipse.recommenders.overrides.rcp - 2.4.5.v20161130-1427
2017-04-12 18:38:38,142 - org.eclipse.recommenders.subwords.rcp - 2.4.5.v20161130-1427
2017-04-12 18:38:38,298 - org.eclipse.recommenders.types.rcp - 2.4.5.v20161130-1427
2017-04-12 18:38:38,308 - org.eclipse.recommenders.utils - 2.4.5.v20161130-1427
2017-04-12 18:38:38,480 - org.eclipse.recommenders.utils.rcp - 2.4.5.v20161130-1427
2017-04-12 18:38:38,624 - org.eclipse.mylyn.commons.repositories.http.core - 1.13.0.v20160630-1702
2017-04-12 18:38:38,645 - org.eclipse.datatools.connectivity.oda.design.ui - 3.3.0.201603142002
2017-04-12 18:38:38,646 - org.eclipse.datatools.connectivity.ui.dse - 1.2.0.201603142002
2017-04-12 18:38:38,656 - org.eclipse.datatools.connectivity.ui - 1.3.0.201603142002
2017-04-12 18:38:38,666 - org.eclipse.datatools.connectivity.sqm.core - 1.3.0.201603142002
2017-04-12 18:38:38,725 - org.eclipse.datatools.help - 1.6.0.201603142002
2017-04-12 18:38:38,749 - org.eclipse.jdt - 3.12.2.v20161124-1400
2017-04-12 18:38:38,751 - org.eclipse.ant.ui - 3.6.201.v20161115-1135
2017-04-12 18:38:38,761 - org.eclipse.jdt.apt.core - 3.4.100.v20160525-0952
2017-04-12 18:38:38,770 - org.eclipse.jdt.apt.ui - 3.4.100.v20160418-1457
2017-04-12 18:38:38,891 - org.eclipse.jdt.apt.pluggable.core - 1.1.100.v20160418-1457
2017-04-12 18:38:38,892 - org.eclipse.jdt.compiler.apt - 1.2.100.v20160418-1457
2017-04-12 18:38:38,893 - org.eclipse.jdt.compiler.tool - 1.1.100.v20160418-1457
2017-04-12 18:38:38,895 - org.eclipse.jdt.core - 3.12.2.v20161117-1814
2017-04-12 18:38:39,015 - org.eclipse.jdt.annotation - 2.1.0.v20160418-1457
2017-04-12 18:38:39,015 - org.eclipse.jdt.annotation - 2.1.0.v20160418-1457
2017-04-12 18:38:39,015 - org.eclipse.jdt.core.manipulation - 1.7.0.v20160419-0705
2017-04-12 18:38:39,018 - org.eclipse.jdt.debug.ui - 3.7.201.v20160811-0450
2017-04-12 18:38:39,053 - org.eclipse.jdt.debug - 3.10.1.v20160811-0441
2017-04-12 18:38:39,054 - org.eclipse.jdt.junit - 3.9.0.v20160421-1701
2017-04-12 18:38:39,063 - org.eclipse.jdt.junit.core - 3.8.0.v20160421-1701
2017-04-12 18:38:39,074 - org.eclipse.jdt.junit.runtime - 3.4.600.v20160505-0715
2017-04-12 18:38:39,182 - org.eclipse.jdt.junit4.runtime - 1.1.600.v20160505-0715
2017-04-12 18:38:39,184 - org.eclipse.jdt.launching - 3.8.101.v20161111-2014
2017-04-12 18:38:39,188 - org.eclipse.jdt.ui - 3.12.2.v20160929-0804
2017-04-12 18:38:39,205 - org.junit - 4.12.0.v201504281640
2017-04-12 18:38:39,214 - org.hamcrest.core - 1.3.0.v201303031735
2017-04-12 18:38:39,221 - org.eclipse.jdt.doc.user - 3.12.1.v20160727-2009
2017-04-12 18:38:39,230 - org.eclipse.ant.launching - 1.1.201.v20161115-1135
2017-04-12 18:38:39,249 - org.eclipse.emf.common - 2.12.0.v20160420-0247
2017-04-12 18:38:39,277 - org.eclipse.sequoyah.vnc.vncviewer.vncviews - 2.1.0.N20120718-0509
2017-04-12 18:38:39,393 - org.eclipse.egit.mylyn.ui - 4.4.1.201607150455-r
2017-04-12 18:38:39,415 - org.eclipse.datatools.sqltools.common.ui - 1.1.0.201603142002
2017-04-12 18:38:39,425 - org.eclipse.datatools.sqltools.debugger.core - 1.1.0.201603142002
2017-04-12 18:38:39,436 - org.eclipse.datatools.sqltools.editor.core - 1.1.0.201603142002
2017-04-12 18:38:39,437 - org.eclipse.datatools.sqltools.plan - 1.1.0.201603142002
2017-04-12 18:38:39,589 - org.eclipse.datatools.sqltools.routineeditor - 1.1.0.201603142002
2017-04-12 18:38:39,598 - org.eclipse.datatools.sqltools.sql - 1.1.0.201603142002
2017-04-12 18:38:39,607 - org.eclipse.datatools.sqltools.sqleditor - 1.1.0.201603142002
2017-04-12 18:38:39,608 - org.eclipse.datatools.sqltools.sqlscrapbook - 1.1.0.201603142002
2017-04-12 18:38:39,608 - org.eclipse.datatools.help - 1.6.0.201603142002
2017-04-12 18:38:39,617 - org.eclipse.datatools.sqltools.db.generic - 1.1.0.201603142002
2017-04-12 18:38:39,627 - org.eclipse.datatools.sqltools.debugger.core.ui - 1.1.0.201603142002
2017-04-12 18:38:39,814 - org.eclipse.datatools.sqltools.editor.core.ui - 1.1.0.201603142002
2017-04-12 18:38:39,815 - org.eclipse.datatools.sqltools.result.ui - 1.2.0.201603142002
2017-04-12 18:38:39,826 - org.eclipse.datatools.sqltools.routineeditor.ui - 1.1.0.201603142002
2017-04-12 18:38:39,910 - org.eclipse.datatools.sqltools.sql.ui - 1.1.0.201603142002
2017-04-12 18:38:39,941 - org.objectweb.asm - 5.0.1.v201404251740
2017-04-12 18:38:39,941 - org.eclipse.andmore - 0.5.0.201605181018
2017-04-12 18:38:40,363 - org.eclipse.andmore.base - 0.5.0.201605181018
2017-04-12 18:38:40,418 - org.eclipse.andmore.ddms - 0.5.0.201605181018
2017-04-12 18:38:40,473 - org.eclipse.andmore.overlay - 0.5.0.201605181018
2017-04-12 18:38:40,591 - org.apache.commons.codec - 1.6.0.v201305230611
2017-04-12 18:38:40,625 - org.apache.commons.compress - 1.6.0.v201310281400
2017-04-12 18:38:40,634 - org.apache.httpcomponents.httpclient - 4.3.6.v201511171540
2017-04-12 18:38:40,643 - org.apache.httpcomponents.httpcore - 4.3.3.v201411290715
2017-04-12 18:38:40,690 - org.eclipse.datatools.modelbase.dbdefinition - 1.1.0.201603142002
2017-04-12 18:38:40,698 - org.eclipse.datatools.modelbase.sql.edit - 1.1.0.201603142002
2017-04-12 18:38:40,706 - org.eclipse.datatools.modelbase.sql.query - 1.2.0.201603142002
2017-04-12 18:38:40,717 - org.eclipse.datatools.modelbase.sql.query.edit - 1.1.0.201603142002
2017-04-12 18:38:40,725 - org.eclipse.datatools.modelbase.sql.xml.query - 1.1.0.201603142002
2017-04-12 18:38:40,725 - org.eclipse.datatools.modelbase.sql - 1.1.0.201603142002
2017-04-12 18:38:40,747 - org.eclipse.emf.mapping - 2.9.0.v20160526-0356
2017-04-12 18:38:40,768 - org.eclipse.oomph.setup.editor - 1.6.0.v20161125-1207
2017-04-12 18:38:40,769 - org.eclipse.oomph.setup.ui - 1.6.0.v20161128-0851
2017-04-12 18:38:40,776 - org.eclipse.oomph.setup.doc - 1.6.0.v20161019-0656
2017-04-12 18:38:40,786 - org.eclipse.oomph.setup.ui.questionnaire - 1.6.0.v20161019-0656
2017-04-12 18:38:40,787 - org.eclipse.oomph.jreinfo.ui - 1.6.0.v20161019-0656
2017-04-12 18:38:40,808 - org.eclipse.emf.ecore - 2.12.0.v20160420-0247
2017-04-12 18:38:40,816 - org.eclipse.emf.ecore.change - 2.11.0.v20160420-0247
2017-04-12 18:38:40,817 - org.eclipse.emf.ecore.xmi - 2.12.0.v20160420-0247
2017-04-12 18:38:40,836 - org.eclipse.jgit - 4.4.1.201607150455-r
2017-04-12 18:38:40,931 - org.eclipse.jgit.archive - 4.4.1.201607150455-r
2017-04-12 18:38:40,933 - com.jcraft.jsch - 0.1.53.v201508180515
2017-04-12 18:38:40,942 - javaewah - 0.7.9.v201605172130
2017-04-12 18:38:40,942 - org.apache.commons.compress - 1.6.0.v201310281400
2017-04-12 18:38:40,943 - org.slf4j.api - 1.7.2.v20121108-1250
2017-04-12 18:38:40,943 - org.slf4j.impl.log4j12 - 1.7.2.v20131105-2200
2017-04-12 18:38:40,952 - org.apache.log4j - 1.2.15.v201012070815
2017-04-12 18:38:40,970 - org.eclipse.mylyn.wikitext.core - 2.10.1.v20161129-1925
2017-04-12 18:38:41,113 - org.eclipse.mylyn.wikitext.core.ant - 2.10.1.v20161129-1925
2017-04-12 18:38:41,169 - org.eclipse.mylyn.wikitext.core.osgi - 2.10.1.v20161129-1925
2017-04-12 18:38:41,178 - org.eclipse.mylyn.wikitext.textile.core - 2.10.1.v20161129-1925
2017-04-12 18:38:41,345 - org.eclipse.mylyn.wikitext.html.core - 2.10.1.v20161129-1925
2017-04-12 18:38:41,354 - org.eclipse.mylyn.wikitext.markdown.core - 2.10.1.v20161129-1925
2017-04-12 18:38:41,363 - org.eclipse.mylyn.wikitext.mediawiki.core - 2.10.1.v20161129-1925
2017-04-12 18:38:41,501 - org.eclipse.mylyn.wikitext.mediawiki.core.ant - 2.10.1.v20161129-1925
2017-04-12 18:38:41,512 - org.eclipse.mylyn.wikitext.confluence.core - 2.10.1.v20161129-1925
2017-04-12 18:38:41,520 - org.eclipse.mylyn.wikitext.tracwiki.core - 2.10.1.v20161129-1925
2017-04-12 18:38:41,692 - org.eclipse.mylyn.wikitext.twiki.core - 2.10.1.v20161129-1925
2017-04-12 18:38:41,695 - org.eclipse.mylyn.wikitext.ui - 2.10.1.v20161129-1925
2017-04-12 18:38:41,702 - org.eclipse.mylyn.wikitext.help.ui - 2.10.1.v20161129-1925
2017-04-12 18:38:41,757 - org.eclipse.mylyn.wikitext.textile.ui - 2.10.1.v20161129-1925
2017-04-12 18:38:41,800 - org.eclipse.mylyn.wikitext.markdown.ui - 2.10.1.v20161129-1925
2017-04-12 18:38:41,860 - org.eclipse.mylyn.wikitext.mediawiki.ui - 2.10.1.v20161129-1925
2017-04-12 18:38:41,913 - org.eclipse.mylyn.wikitext.confluence.ui - 2.10.1.v20161129-1925
2017-04-12 18:38:41,959 - org.eclipse.mylyn.wikitext.tracwiki.ui - 2.10.1.v20161129-1925
2017-04-12 18:38:42,004 - org.eclipse.mylyn.wikitext.twiki.ui - 2.10.1.v20161129-1925
2017-04-12 18:38:42,186 - org.eclipse.mylyn.wikitext.tasks.ui - 2.10.1.v20161129-1925
2017-04-12 18:38:42,292 - org.eclipse.mylyn.wikitext.context.ui - 2.10.1.v20161129-1925
2017-04-12 18:38:42,300 - org.eclipse.mylyn.wikitext.asciidoc.core - 2.10.1.v20161129-1925
2017-04-12 18:38:42,339 - org.eclipse.mylyn.wikitext.asciidoc.ui - 2.10.1.v20161129-1925
2017-04-12 18:38:42,364 - org.eclipse.emf.mapping.ecore.editor - 2.6.0.v20160526-0356
2017-04-12 18:38:42,513 - org.eclipse.emf.mapping.ecore2ecore.editor - 2.7.0.v20160526-0356
2017-04-12 18:38:42,524 - org.eclipse.emf.mapping.ecore2xml.ui - 2.8.0.v20160526-0356
2017-04-12 18:38:42,541 - org.eclipse.recommenders.mylyn.rcp - 2.4.5.v20161130-1427
2017-04-12 18:38:43,410 - org.apache.ant - 1.9.6.v201510161327
2017-04-12 18:38:43,419 - org.eclipse.ant.core - 3.4.100.v20160505-0642
2017-04-12 18:38:43,419 - com.jcraft.jsch - 0.1.53.v201508180515
2017-04-12 18:38:43,420 - org.eclipse.compare.core - 3.6.0.v20160418-1534
2017-04-12 18:38:43,421 - org.eclipse.compare - 3.7.0.v20161024-1724
2017-04-12 18:38:43,538 - org.eclipse.compare.win32 - 1.1.0.v20160418-1534
2017-04-12 18:38:43,540 - org.eclipse.core.filebuffers - 3.6.0.v20160503-1849
2017-04-12 18:38:43,542 - org.eclipse.core.filesystem - 1.6.1.v20161113-2349
2017-04-12 18:38:43,542 - org.eclipse.core.net - 1.3.0.v20160418-1534
2017-04-12 18:38:43,543 - org.eclipse.core.net.win32.x86_64 - 1.1.0.v20160323-1650
2017-04-12 18:38:43,544 - org.eclipse.core.resources - 3.11.1.v20161107-2032
2017-04-12 18:38:43,637 - org.eclipse.osgi.util - 3.3.100.v20150423-1351
2017-04-12 18:38:43,638 - org.eclipse.debug.core - 3.10.100.v20160419-1720
2017-04-12 18:38:43,641 - org.eclipse.debug.ui - 3.11.202.v20161114-0338
2017-04-12 18:38:43,782 - org.eclipse.equinox.event - 1.3.200.v20160324-1850
2017-04-12 18:38:43,783 - org.eclipse.ltk.core.refactoring - 3.7.0.v20160419-0705
2017-04-12 18:38:43,785 - org.eclipse.ltk.ui.refactoring - 3.8.0.v20160518-1817
2017-04-12 18:38:43,786 - org.eclipse.platform - 4.6.2.v20161124-1400
2017-04-12 18:38:43,797 - org.eclipse.platform.doc.user - 4.6.1.v20160727-2009
2017-04-12 18:38:43,799 - org.eclipse.search - 3.11.1.v20161113-1700
2017-04-12 18:38:43,800 - org.eclipse.team.core - 3.8.0.v20160418-1534
2017-04-12 18:38:43,802 - org.eclipse.team.ui - 3.8.0.v20160518-1906
2017-04-12 18:38:43,804 - org.eclipse.text - 3.6.0.v20160503-1849
2017-04-12 18:38:43,805 - org.eclipse.jface.text - 3.11.2.v20161113-1700
2017-04-12 18:38:43,806 - org.eclipse.jsch.core - 1.3.0.v20160422-1917
2017-04-12 18:38:43,815 - org.eclipse.jsch.ui - 1.3.0.v20160323-1650
2017-04-12 18:38:43,816 - org.eclipse.ui.console - 3.6.201.v20161107-0337
2017-04-12 18:38:43,828 - org.eclipse.ui.intro - 3.5.2.v20161116-1147
2017-04-12 18:38:43,830 - org.eclipse.ui.intro.universal - 3.3.1.v20160829-1558
2017-04-12 18:38:43,832 - org.eclipse.ui.cheatsheets - 3.5.0.v20160504-0839
2017-04-12 18:38:43,833 - org.eclipse.ui.browser - 3.5.2.v20161114-0210
2017-04-12 18:38:43,843 - org.eclipse.ui.monitoring - 1.1.1.v20161028-1850
2017-04-12 18:38:43,850 - org.eclipse.ui.navigator - 3.6.101.v20161006-1120
2017-04-12 18:38:43,852 - org.eclipse.ui.navigator.resources - 3.5.101.v20161006-0640
2017-04-12 18:38:43,853 - org.eclipse.ui.net - 1.3.0.v20160426-1633
2017-04-12 18:38:43,855 - org.eclipse.ui.workbench.texteditor - 3.10.1.v20160818-1626
2017-04-12 18:38:43,857 - org.eclipse.ui.views - 3.8.101.v20160816-1954
2017-04-12 18:38:43,859 - org.eclipse.ui.editors - 3.10.1.v20161106-1856
2017-04-12 18:38:43,873 - org.eclipse.ui.externaltools - 3.3.100.v20160518-1858
2017-04-12 18:38:43,884 - org.eclipse.ui.ide - 3.12.2.v20161115-1450
2017-04-12 18:38:43,885 - org.eclipse.ui.ide.application - 1.1.101.v20160829-0827
2017-04-12 18:38:43,885 - org.eclipse.ui.win32 - 3.3.0.v20160505-1310
2017-04-12 18:38:43,886 - org.eclipse.core.resources.win32.x86_64 - 3.5.0.v20140124-1940
2017-04-12 18:38:43,886 - org.eclipse.core.filesystem.win32.x86_64 - 1.4.0.v20140124-1940
2017-04-12 18:38:44,041 - org.eclipse.core.variables - 3.3.0.v20160419-1720
2017-04-12 18:38:44,042 - org.eclipse.ui.forms - 3.7.0.v20160518-1929
2017-04-12 18:38:44,053 - org.eclipse.ui.views.properties.tabbed - 3.7.0.v20160310-0903
2017-04-12 18:38:44,053 - org.eclipse.equinox.security - 1.2.200.v20150715-1528
2017-04-12 18:38:44,064 - org.eclipse.equinox.security.ui - 1.1.300.v20150803-1225
2017-04-12 18:38:44,065 - org.eclipse.equinox.security.win32.x86_64 - 1.0.100.v20130327-1442
2017-04-12 18:38:44,230 - org.eclipse.core.externaltools - 1.0.400.v20160509-1057
2017-04-12 18:38:44,230 - org.eclipse.ui.themes - 1.1.300.v20161107-1827
2017-04-12 18:38:44,231 - org.eclipse.core.runtime - 3.12.0.v20160606-1342
2017-04-12 18:38:44,319 - org.eclipse.ui.intro.quicklinks - 1.0.0.v20160515-0255
2017-04-12 18:38:44,359 - org.eclipse.mylyn.discovery.core - 3.21.0.v20160729-1739
2017-04-12 18:38:44,370 - org.eclipse.mylyn.discovery.ui - 3.21.0.v20160630-1702
2017-04-12 18:38:44,399 - org.eclipse.emf.ecore.edit - 2.9.0.v20160526-0356
2017-04-12 18:38:44,529 - org.eclipse.emf.ecore.change.edit - 2.6.0.v20160526-0356
2017-04-12 18:38:44,558 - org.eclipse.sequoyah.vnc.protocol - 2.1.0.N20120718-0509
2017-04-12 18:38:44,579 - org.eclipse.mylyn.versions.core - 1.13.0.v20160630-2022
2017-04-12 18:38:44,651 - org.eclipse.mylyn.versions.ui - 1.13.0.v20160630-2022
2017-04-12 18:38:44,674 - org.eclipse.emf.mapping.ecore - 2.6.0.v20160526-0356
2017-04-12 18:38:44,827 - org.eclipse.emf.mapping.ecore2ecore - 2.9.0.v20160526-0356
2017-04-12 18:38:44,970 - org.eclipse.emf.mapping.ecore2xml - 2.9.0.v20160526-0356
2017-04-12 18:38:44,989 - org.eclipse.andmore.traceview - 0.5.0.201605181018
2017-04-12 18:38:45,014 - org.eclipse.sequoyah.localization.android - 2.1.0.N20120718-0509
2017-04-12 18:38:45,020 - org.eclipse.sequoyah.localization.android.help - 2.1.1.N20120718-0509
2017-04-12 18:38:45,038 - org.eclipse.m2e.logback.configuration - 1.7.0.20160603-1933
2017-04-12 18:38:45,038 - org.eclipse.m2e.logback.appender - 1.7.0.20160603-1933
2017-04-12 18:38:45,057 - org.eclipse.emf.codegen - 2.11.0.v20160526-0356
2017-04-12 18:38:45,080 - org.eclipse.wst.dtd.ui - 1.0.801.v201308100602
2017-04-12 18:38:45,148 - org.eclipse.wst.dtd.ui.infopop - 1.0.400.v201309112106
2017-04-12 18:38:45,215 - org.eclipse.wst.sse.ui.infopop - 1.0.300.v201309112106
2017-04-12 18:38:45,313 - org.eclipse.wst.xml.ui.infopop - 1.0.400.v201309112106
2017-04-12 18:38:45,316 - org.eclipse.wst.sse.ui - 1.3.500.v201605120129
2017-04-12 18:38:45,316 - org.eclipse.wst.xml.ui - 1.1.700.v201604272318
2017-04-12 18:38:45,321 - org.eclipse.wst.xsd.ui - 1.2.600.v201511240159
2017-04-12 18:38:45,343 - org.eclipse.emf - 2.6.0.v20160526-0356
2017-04-12 18:38:45,365 - org.eclipse.datatools.doc.user - 1.7.0.20090521092446
2017-04-12 18:38:45,413 - org.eclipse.datatools.oda.cshelp - 1.2.0.201603142002
2017-04-12 18:38:45,413 - org.eclipse.datatools.help - 1.6.0.201603142002
2017-04-12 18:38:45,435 - org.eclipse.mylyn.tasks.bugs - 3.21.0.v20160929-1805
2017-04-12 18:38:45,444 - org.eclipse.mylyn.help.ui - 3.21.0.v20160913-2013
2017-04-12 18:38:45,468 - org.eclipse.draw2d - 3.10.100.201606061308
2017-04-12 18:38:45,489 - org.eclipse.emf.edit - 2.12.0.v20160526-0356
2017-04-12 18:38:45,509 - org.eclipse.mylyn.commons.core - 3.21.0.v20160707-1856
2017-04-12 18:38:45,518 - org.eclipse.mylyn.commons.screenshots - 3.21.0.v20160630-1702
2017-04-12 18:38:45,519 - org.eclipse.mylyn.commons.ui - 3.21.0.v20160630-1702
2017-04-12 18:38:45,529 - org.eclipse.mylyn.commons.workbench - 3.21.0.v20160630-1702
2017-04-12 18:38:45,586 - org.eclipse.mylyn.bugzilla.ide - 3.21.0.v20160912-1820
2017-04-12 18:38:45,712 - org.eclipse.mylyn.ide.ui - 3.21.0.v20160701-1337
2017-04-12 18:38:45,733 - org.eclipse.emf.databinding.edit - 1.3.0.v20160526-0356
2017-04-12 18:38:45,752 - org.eclipse.emf.codegen.ecore - 2.12.0.v20160526-0356
2017-04-12 18:38:45,892 - org.eclipse.emf.ant - 2.8.0.v20160526-0356
2017-04-12 18:38:46,441 - org.eclipse.m2e.archetype.common - 1.7.0.20160603-1931
2017-04-12 18:38:46,585 - org.eclipse.m2e.maven.indexer - 1.7.0.20160603-1931
2017-04-12 18:38:46,594 - org.eclipse.m2e.model.edit - 1.7.0.20160603-1933
2017-04-12 18:38:46,594 - org.eclipse.m2e.core - 1.7.0.20160603-1933
2017-04-12 18:38:46,602 - org.eclipse.m2e.launching - 1.7.0.20160603-1933
2017-04-12 18:38:46,677 - org.eclipse.m2e.workspace.cli - 0.3.1
2017-04-12 18:38:46,809 - org.eclipse.m2e.jdt - 1.7.0.20160603-1933
2017-04-12 18:38:46,816 - org.eclipse.m2e.editor - 1.7.0.20160603-1933
2017-04-12 18:38:46,826 - org.eclipse.m2e.editor.xml - 1.7.0.20160603-1933
2017-04-12 18:38:48,807 - org.eclipse.m2e.maven.runtime - 1.7.0.20160603-1931
2017-04-12 18:38:48,860 - org.eclipse.m2e.maven.runtime.slf4j.simple - 1.7.0.20160603-1931
2017-04-12 18:38:48,861 - org.eclipse.m2e.refactoring - 1.7.0.20160603-1933
2017-04-12 18:38:48,901 - org.eclipse.m2e.lifecyclemapping.defaults - 1.7.0.20160603-1933
2017-04-12 18:38:48,909 - org.eclipse.m2e.discovery - 1.7.0.20160603-1933
2017-04-12 18:38:48,910 - org.eclipse.m2e.core.ui - 1.7.0.20160603-1933
2017-04-12 18:38:48,919 - org.eclipse.m2e.scm - 1.7.0.20160603-1933
2017-04-12 18:38:48,919 - org.eclipse.m2e.jdt.ui - 1.7.0.20160603-1933
2017-04-12 18:38:48,992 - org.eclipse.m2e.profiles.core - 1.7.0.20160603-1933
2017-04-12 18:38:49,125 - org.eclipse.m2e.profiles.ui - 1.7.0.20160603-1933
2017-04-12 18:38:49,189 - org.eclipse.m2e.importer - 1.7.0.20160603-1933
2017-04-12 18:38:49,206 - org.eclipse.andmore.ndk - 0.5.0.201605181018
2017-04-12 18:38:49,223 - org.eclipse.andmore.gldebugger - 0.5.0.201605181018
2017-04-12 18:38:49,250 - org.eclipse.mylyn.hudson.core - 1.13.0.v20160806-1446
2017-04-12 18:38:49,341 - org.eclipse.mylyn.hudson.ui - 1.13.0.v20160704-1634
2017-04-12 18:38:49,369 - org.eclipse.epp.mpc.core - 1.5.3.v20161116-1851
2017-04-12 18:38:49,369 - org.eclipse.epp.mpc.ui - 1.5.3.v20161116-1851
2017-04-12 18:38:49,376 - org.eclipse.epp.mpc.help.ui - 1.5.3.v20161116-1851
2017-04-12 18:38:49,376 - org.apache.httpcomponents.httpclient - 4.3.6.v201511171540
2017-04-12 18:38:49,376 - org.apache.httpcomponents.httpcore - 4.3.3.v201411290715
2017-04-12 18:38:49,469 - org.eclipse.mylyn.git.core - 1.13.0.v20160630-2022
2017-04-12 18:38:49,540 - org.eclipse.mylyn.git.ui - 1.13.0.v20160630-2022
2017-04-12 18:38:49,567 - org.eclipse.datatools.connectivity.oda.consumer - 3.3.0.201603142002
2017-04-12 18:38:49,576 - org.eclipse.datatools.connectivity.oda.design - 3.4.0.201603142002
2017-04-12 18:38:49,694 - org.eclipse.datatools.connectivity.oda.profile - 3.3.0.201603142002
2017-04-12 18:38:49,694 - org.eclipse.datatools.connectivity.oda - 3.5.0.201603142002
2017-04-12 18:38:49,694 - org.eclipse.datatools.connectivity - 1.13.0.201603142002
2017-04-12 18:38:49,713 - org.eclipse.andmore.android.certmanager - 0.5.0.201605181018
2017-04-12 18:38:49,740 - org.eclipse.recommenders.snipmatch - 2.4.5.v20161130-1427
2017-04-12 18:38:49,740 - org.eclipse.recommenders.snipmatch.rcp - 2.4.5.v20161130-1427
2017-04-12 18:38:49,756 - org.eclipse.cdt.gdb - 7.0.0.201612061315
2017-04-12 18:38:49,815 - org.eclipse.cdt.gdb.ui - 7.0.0.201612061315
2017-04-12 18:38:49,834 - org.eclipse.pde - 3.12.2.v20161124-1400
2017-04-12 18:38:49,856 - org.eclipse.pde.build - 3.9.200.v20160204-0642
2017-04-12 18:38:49,857 - org.eclipse.pde.core - 3.11.1.v20161115-1951
2017-04-12 18:38:49,943 - org.eclipse.pde.junit.runtime - 3.5.0.v20151013-0625
2017-04-12 18:38:49,946 - org.eclipse.pde.runtime - 3.5.0.v20160418-1724
2017-04-12 18:38:49,948 - org.eclipse.pde.ui - 3.9.100.v20161102-0517
2017-04-12 18:38:49,955 - org.eclipse.pde.doc.user - 3.12.2.v20161123-1159
2017-04-12 18:38:49,964 - org.eclipse.pde.ui.templates - 3.6.0.v20160424-1948
2017-04-12 18:38:49,965 - org.eclipse.ui.views.log - 1.2.1.v20160829-0826
2017-04-12 18:38:49,965 - org.objectweb.asm - 5.0.1.v201404251740
2017-04-12 18:38:50,125 - org.objectweb.asm.tree - 5.0.1.v201404251740
2017-04-12 18:38:50,137 - org.eclipse.pde.api.tools - 1.1.2.v20161115-0549
2017-04-12 18:38:50,200 - org.eclipse.pde.api.tools.annotations - 1.0.100.v20160418-1724
2017-04-12 18:38:50,203 - org.eclipse.pde.api.tools.ui - 1.1.0.v20160519-0701
2017-04-12 18:38:50,213 - org.eclipse.pde.ds.core - 1.1.0.v20151201-1325
2017-04-12 18:38:50,222 - org.eclipse.pde.ds.ui - 1.1.0.v20160518-1843
2017-04-12 18:38:50,222 - org.eclipse.pde.launching - 3.6.401.v20161115-0549
2017-04-12 18:38:50,232 - org.eclipse.pde.ua.core - 1.0.500.v20160204-0642
2017-04-12 18:38:50,240 - org.eclipse.pde.ua.ui - 1.1.0.v20160518-1843
2017-04-12 18:38:50,249 - org.eclipse.ui.trace - 1.0.400.v20160509-1055
2017-04-12 18:38:50,259 - org.eclipse.pde.ds.annotations - 1.0.0.v20160525-1437
2017-04-12 18:38:50,285 - org.eclipse.sequoyah.localization.tools - 2.1.0.N20120718-0509
2017-04-12 18:38:50,300 - org.eclipse.sequoyah.localization.editor - 2.1.0.N20120718-0509
2017-04-12 18:38:50,334 - net.sourceforge.lpg.lpgjavaruntime - 1.1.0.v201004271650
2017-04-12 18:38:50,343 - org.eclipse.datatools.sqltools.parsers.sql.lexer - 1.1.0.201603142002
2017-04-12 18:38:50,354 - org.eclipse.datatools.sqltools.parsers.sql.query - 1.3.0.201603142002
2017-04-12 18:38:50,364 - org.eclipse.datatools.sqltools.parsers.sql.xml.query - 1.1.0.201603142002
2017-04-12 18:38:50,364 - org.eclipse.datatools.sqltools.parsers.sql - 1.1.0.201603142002
2017-04-12 18:38:50,398 - org.eclipse.mylyn.java.ui - 3.21.0.v20160701-1337
2017-04-12 18:38:50,489 - org.eclipse.mylyn.java.tasks - 3.21.0.v20160701-1337
2017-04-12 18:38:50,490 - org.eclipse.mylyn.ide.ui - 3.21.0.v20160701-1337
2017-04-12 18:38:50,580 - org.eclipse.mylyn.ide.ant - 3.21.0.v20160701-1337
2017-04-12 18:38:50,698 - org.eclipse.mylyn.debug.ui - 3.21.0.v20160701-1337
2017-04-12 18:38:50,726 - org.eclipse.mylyn.team.ui - 3.21.0.v20160701-1337
2017-04-12 18:38:50,746 - org.eclipse.datatools.sqltools.sql - 1.1.0.201603142002
2017-04-12 18:38:50,746 - org.eclipse.datatools.sqltools.common.ui - 1.1.0.201603142002
2017-04-12 18:38:50,746 - org.eclipse.datatools.sqltools.plan - 1.1.0.201603142002
2017-04-12 18:38:50,746 - org.eclipse.datatools.sqltools.editor.core - 1.1.0.201603142002
2017-04-12 18:38:50,746 - org.eclipse.datatools.sqltools.sqleditor - 1.1.0.201603142002
2017-04-12 18:38:50,746 - org.eclipse.datatools.sqltools.ddlgen.ui - 1.1.0.201603142002
2017-04-12 18:38:50,819 - org.eclipse.datatools.connectivity.db.generic - 1.1.0.201603142002
2017-04-12 18:38:50,819 - org.eclipse.datatools.sqltools.editor.core.ui - 1.1.0.201603142002
2017-04-12 18:38:50,819 - org.eclipse.datatools.sqltools.sql.ui - 1.1.0.201603142002
2017-04-12 18:38:50,839 - org.eclipse.emf.common.ui - 2.11.0.v20160526-0356
2017-04-12 18:38:50,860 - org.eclipse.mylyn.commons.repositories.core - 1.13.0.v20160630-1702
2017-04-12 18:38:50,860 - org.eclipse.mylyn.commons.repositories.ui - 1.13.0.v20160630-1702
2017-04-12 18:38:50,885 - org.eclipse.sequoyah.device.common.utilities - 2.1.0.N20120718-0509
2017-04-12 18:38:50,903 - org.eclipse.andmore.android.common - 0.5.0.201605181018
2017-04-12 18:38:50,905 - org.eclipse.andmore.android.codeutils - 0.5.0.201605181018
2017-04-12 18:38:51,058 - org.eclipse.andmore.android.translation - 0.5.0.201605181018
2017-04-12 18:38:51,067 - org.eclipse.andmore.android.codesnippets - 0.5.0.201605181018
2017-04-12 18:38:51,068 - org.eclipse.andmore.android.db.core - 0.5.0.201605181018
2017-04-12 18:38:51,069 - org.eclipse.andmore.android.logger - 0.5.0.201605181018
2017-04-12 18:38:51,142 - org.eclipse.andmore.android - 0.5.0.201605181018
2017-04-12 18:38:51,144 - org.eclipse.andmore.android.emulator - 0.5.0.201605181018
2017-04-12 18:38:51,154 - org.eclipse.andmore.android.launch - 0.5.0.201605181018
2017-04-12 18:38:51,154 - org.eclipse.andmore.android.packaging.ui - 0.5.0.201605181018
2017-04-12 18:38:51,269 - org.eclipse.andmore.android.handset - 0.5.0.201605181018
2017-04-12 18:38:51,269 - org.eclipse.andmore.android.remote - 0.5.0.201605181018
2017-04-12 18:38:51,270 - org.eclipse.andmore.android.win32.x86_64 - 0.5.0.201605181018
2017-04-12 18:38:51,270 - org.eclipse.andmore.android.mat - 0.5.0.201605181018
2017-04-12 18:38:51,271 - org.eclipse.andmore.android.devices.services - 0.5.0.201605181018
2017-04-12 18:38:51,281 - org.eclipse.andmore.android.db.devices - 0.5.0.201605181018
2017-04-12 18:38:51,341 - org.eclipse.andmore.android.installer - 0.5.0.201605181018
2017-04-12 18:38:51,504 - org.eclipse.andmore.android.logger.collector - 0.5.0.201605181018
2017-04-12 18:38:51,523 - org.eclipse.emf.mapping.ui - 2.7.0.v20160526-0356
2017-04-12 18:38:51,542 - org.eclipse.mylyn.monitor.core - 3.21.0.v20160630-1702
2017-04-12 18:38:51,543 - org.eclipse.mylyn.monitor.ui - 3.21.0.v20160630-1702
2017-04-12 18:38:51,569 - org.eclipse.datatools.connectivity.oda.template.ui - 3.3.0.201603142002
2017-04-12 18:38:51,592 - org.eclipse.sequoyah.vnc.vncviewer - 2.1.0.N20120718-0509
2017-04-12 18:38:51,610 - org.eclipse.emf.codegen.ecore.ui - 2.12.0.v20160526-0356
2017-04-12 18:38:51,629 - org.eclipse.emf.ecore.editor - 2.12.0.v20160526-0356
2017-04-12 18:38:51,648 - org.eclipse.epp.package.android - 4.6.2.20161208-0625
2017-04-12 18:38:51,666 - org.eclipse.mylyn.builds.core - 1.13.0.v20160704-1634
2017-04-12 18:38:51,667 - org.eclipse.mylyn.builds.ui - 1.13.0.v20160725-1817
2017-04-12 18:38:51,685 - org.eclipse.mylyn.context.core - 3.21.0.v20160701-1337
2017-04-12 18:38:51,693 - org.eclipse.mylyn.context.ui - 3.21.0.v20160701-1337
2017-04-12 18:38:51,702 - org.eclipse.mylyn.resources.ui - 3.21.0.v20160701-1337
2017-04-12 18:38:51,703 - org.eclipse.mylyn.context.tasks.ui - 3.21.0.v20160815-2336
2017-04-12 18:38:51,721 - org.eclipse.emf.databinding - 1.3.0.v20160526-0356
2017-04-12 18:38:51,741 - org.eclipse.datatools.connectivity.sqm.core.ui - 1.3.0.201603142002
2017-04-12 18:38:51,742 - org.eclipse.datatools.connectivity.sqm.core - 1.3.0.201603142002
2017-04-12 18:38:51,751 - org.eclipse.datatools.connectivity.sqm.server.ui - 1.2.0.201603142002
2017-04-12 18:38:51,751 - org.eclipse.datatools.connectivity.ui.dse - 1.2.0.201603142002
2017-04-12 18:38:51,751 - org.eclipse.datatools.connectivity.ui - 1.3.0.201603142002
2017-04-12 18:38:51,751 - org.eclipse.datatools.connectivity - 1.13.0.201603142002
2017-04-12 18:38:51,751 - org.eclipse.datatools.help - 1.6.0.201603142002
2017-04-12 18:38:51,844 - org.eclipse.datatools.connectivity.console.profile - 1.1.0.201603142002
2017-04-12 18:38:51,862 - org.eclipse.oomph.setup - 1.6.0.v20161125-0947
2017-04-12 18:38:51,863 - org.eclipse.oomph.setup.edit - 1.6.0.v20161125-0947
2017-04-12 18:38:51,863 - org.eclipse.oomph.setup.core - 1.6.0.v20161128-0928
2017-04-12 18:38:51,872 - org.eclipse.oomph.setup.sync - 1.6.0.v20161019-0656
2017-04-12 18:38:51,999 - org.eclipse.oomph.setup.p2 - 1.6.0.v20161019-0656
2017-04-12 18:38:52,000 - org.eclipse.oomph.setup.p2.edit - 1.6.0.v20161019-0656
2017-04-12 18:38:52,009 - org.eclipse.oomph.preferences - 1.6.0.v20161019-0656
2017-04-12 18:38:52,170 - org.eclipse.oomph.jreinfo - 1.6.0.v20161019-0656
2017-04-12 18:38:52,170 - org.eclipse.oomph.jreinfo.win32.x86_64 - 1.2.0.v20160426-0508
2017-04-12 18:38:52,260 - org.eclipse.oomph.extractor.lib - 1.3.0.v20161116-0647
2017-04-12 18:38:52,260 - org.apache.commons.logging - 1.1.1.v201101211721
2017-04-12 18:38:52,261 - org.apache.commons.codec - 1.6.0.v201305230611
2017-04-12 18:38:52,261 - org.apache.httpcomponents.httpclient - 4.3.6.v201511171540
2017-04-12 18:38:52,261 - org.apache.httpcomponents.httpcore - 4.3.3.v201411290715
2017-04-12 18:38:52,270 - org.eclipse.userstorage - 1.0.0.v20160524-0709
2017-04-12 18:38:52,279 - org.eclipse.userstorage.ui - 1.0.0.v20151216-0912
2017-04-12 19:11:04,931 - os.name - Windows 10
2017-04-12 19:11:04,932 - os.arch - amd64
2017-04-12 19:11:04,932 - os.version - 10.0
2017-04-12 19:11:04,932 - java.version - 1.8.0_121
2017-04-12 19:11:04,932 - java.vendor - Oracle Corporation
2017-04-12 19:11:04,932 - java.vendor.url - http://java.oracle.com/
2017-04-12 19:11:04,932 - java.home - C:\Program Files\Java\jdk1.8.0_121\jre
2017-04-12 19:11:04,932 - java.vm.specification.name - Java Virtual Machine Specification
2017-04-12 19:11:04,932 - java.vm.specification.vendor - Oracle Corporation
2017-04-12 19:11:04,932 - java.vm.specification.version - 1.8
2017-04-12 19:11:04,932 - java.class.path - G:\eclipse0130\eclipse\\plugins/org.eclipse.equinox.launcher_1.3.201.v20161025-1711.jar
2017-04-12 19:11:04,932 - java.library.path - G:\eclipse0130\eclipse;C:\WINDOWS\Sun\Java\bin;C:\WINDOWS\system32;C:\WINDOWS;C:/Program Files/Java/jdk1.8.0_121/bin/../jre/bin/server;C:/Program Files/Java/jdk1.8.0_121/bin/../jre/bin;C:/Program Files/Java/jdk1.8.0_121/bin/../jre/lib/amd64;C:\Program Files\Java\jdk1.8.0_121\bin;C:\Program Files (x86)\SepanderSoft;G:\SepanderSoft;C:\WINDOWS\system32;C:\WINDOWS;C:\WINDOWS\System32\Wbem;C:\WINDOWS\System32\WindowsPowerShell\v1.0\;E:\Android\sdk\platform-tools;C:\Program Files\Microsoft\Web Platform Installer\;C:\Users\Tian Lu\AppData\Local\GitHub\PortableGit_d7effa1a4a322478cd29c826b52a0c118ad3db11\cmd;C:\Program Files (x86)\Microsoft SDKs\Azure\CLI\wbin;C:\Program Files\Microsoft Service Fabric\bin\Fabric\Fabric.Code;C:\Program Files\Microsoft SDKs\Service Fabric\Tools\ServiceFabricLocalClusterManager;C:\Program Files\dotnet\;C:\Users\Tian Lu\Downloads\sqlite-snapshot-201703062044\sqlite-snapshot-201703062044;C:\Program Files\Git\cmd;J:\shua;C:\Program Files\MySQL\MySQL Server 5.7\bin;C:\Users\Tian Lu\Anaconda3;C:\Users\Tian Lu\Anaconda3\Scripts;C:\Users\Tian Lu\Anaconda3\Library\bin;C:\Users\Tian Lu\AppData\Local\Microsoft\WindowsApps;G:\vscode\Microsoft VS Code\bin;;C:\Users\Tian Lu\Desktop;;.
2017-04-12 19:11:04,933 - --------------------------------------
2017-04-12 19:11:04,933 - ## Eclipse Plug-ins Log Information ##
2017-04-12 19:11:04,933 - --------------------------------------
2017-04-12 19:11:05,005 - javax.el - 2.2.0.v201303151357
2017-04-12 19:11:05,007 - javax.servlet - 3.1.0.v201410161800
2017-04-12 19:11:05,008 - javax.servlet.jsp - 2.2.0.v201112011158
2017-04-12 19:11:05,012 - com.sun.el - 2.2.0.v201303151357
2017-04-12 19:11:05,013 - org.apache.commons.logging - 1.1.1.v201101211721
2017-04-12 19:11:05,014 - org.apache.jasper.glassfish - 2.2.2.v201501141630
2017-04-12 19:11:05,018 - org.apache.lucene.analysis - 3.5.0.v20120725-1805
2017-04-12 19:11:05,035 - org.apache.lucene.core - 3.5.0.v20120725-1805
2017-04-12 19:11:05,036 - org.eclipse.equinox.http.jetty - 3.3.0.v20160324-1850
2017-04-12 19:11:05,036 - org.eclipse.equinox.http.registry - 1.1.400.v20150715-1528
2017-04-12 19:11:05,042 - org.eclipse.equinox.http.servlet - 1.3.1.v20160808-1329
2017-04-12 19:11:05,044 - org.eclipse.equinox.jsp.jasper - 1.0.500.v20150119-1358
2017-04-12 19:11:05,045 - org.eclipse.equinox.jsp.jasper.registry - 1.0.300.v20130327-1442
2017-04-12 19:11:05,045 - org.eclipse.help.base - 4.1.2.v20170301-0400
2017-04-12 19:11:05,045 - org.eclipse.help.ui - 4.0.200.v20160510-0758
2017-04-12 19:11:05,045 - org.eclipse.help.webapp - 3.8.0.v20160504-0839
2017-04-12 19:11:05,046 - org.eclipse.jetty.continuation - 9.3.9.v20160517
2017-04-12 19:11:05,047 - org.eclipse.jetty.http - 9.3.9.v20160517
2017-04-12 19:11:05,051 - org.eclipse.jetty.io - 9.3.9.v20160517
2017-04-12 19:11:05,053 - org.eclipse.jetty.security - 9.3.9.v20160517
2017-04-12 19:11:05,055 - org.eclipse.jetty.server - 9.3.9.v20160517
2017-04-12 19:11:05,057 - org.eclipse.jetty.servlet - 9.3.9.v20160517
2017-04-12 19:11:05,060 - org.eclipse.jetty.util - 9.3.9.v20160517
2017-04-12 19:11:05,060 - org.eclipse.core.net - 1.3.0.v20160418-1534
2017-04-12 19:11:05,060 - org.eclipse.equinox.security - 1.2.200.v20150715-1528
2017-04-12 19:11:05,065 - org.eclipse.mylyn.bugzilla.core - 3.21.0.v20160909-1813
2017-04-12 19:11:05,065 - org.eclipse.mylyn.bugzilla.ui - 3.21.0.v20160909-1813
2017-04-12 19:11:05,084 - org.eclipse.andmore.hierarchyviewer - 0.5.0.201605181018
2017-04-12 19:11:05,093 - org.eclipse.sequoyah.device.backward - 2.1.0.N20120718-0509
2017-04-12 19:11:05,093 - org.eclipse.sequoyah.device.framework - 2.1.0.N20120718-0509
2017-04-12 19:11:05,093 - org.eclipse.sequoyah.device.framework.ui - 2.1.0.N20120718-0509
2017-04-12 19:11:05,093 - org.eclipse.sequoyah.device.service.start - 2.1.0.N20120718-0509
2017-04-12 19:11:05,094 - org.eclipse.sequoyah.device.service.stop - 2.1.0.N20120718-0509
2017-04-12 19:11:05,094 - org.eclipse.sequoyah.device.framework.wizard - 2.1.0.N20120718-0509
2017-04-12 19:11:05,096 - org.eclipse.buildship.core - 1.0.21.v20161010-1640
2017-04-12 19:11:05,096 - org.eclipse.buildship.ui - 1.0.21.v20161010-1640
2017-04-12 19:11:05,096 - org.eclipse.buildship.branding - 1.0.21.v20161010-1640
2017-04-12 19:11:05,096 - org.eclipse.buildship.stsmigration - 1.0.21.v20161010-1640
2017-04-12 19:11:05,099 - org.eclipse.egit.core - 4.6.1.201703071140-r
2017-04-12 19:11:05,099 - org.eclipse.egit.ui - 4.6.1.201703071140-r
2017-04-12 19:11:05,099 - org.eclipse.egit - 4.6.1.201703071140-r
2017-04-12 19:11:05,100 - org.eclipse.egit.doc - 4.6.1.201703071140-r
2017-04-12 19:11:05,104 - org.eclipse.mylyn.tasks.core - 3.21.0.v20160914-0252
2017-04-12 19:11:05,105 - org.eclipse.mylyn.tasks.index.core - 3.21.0.v20160630-2019
2017-04-12 19:11:05,105 - org.eclipse.mylyn.tasks.index.ui - 3.21.0.v20160630-2019
2017-04-12 19:11:05,105 - org.eclipse.mylyn.tasks.search - 3.21.0.v20160630-2019
2017-04-12 19:11:05,105 - org.eclipse.mylyn.tasks.ui - 3.21.0.v20160913-2131
2017-04-12 19:11:05,113 - org.eclipse.aether.maven - 3.1.0.v20140706-2237
2017-04-12 19:11:05,129 - org.eclipse.gef - 3.11.0.201606061308
2017-04-12 19:11:05,169 - org.eclipse.mylyn.commons.identity.core - 1.13.0.v20160630-1702
2017-04-12 19:11:05,176 - org.eclipse.oomph.p2 - 1.7.0.v20170104-1401
2017-04-12 19:11:05,176 - org.eclipse.oomph.p2.core - 1.7.0.v20170228-1751
2017-04-12 19:11:05,176 - org.eclipse.oomph.p2.edit - 1.7.0.v20170104-1401
2017-04-12 19:11:05,176 - org.eclipse.oomph.p2.ui - 1.7.0.v20161231-0937
2017-04-12 19:11:05,176 - org.eclipse.oomph.p2.doc - 1.7.0.v20170104-1401
2017-04-12 19:11:05,187 - org.eclipse.datatools.enablement.sqlite - 1.1.0.201603142002
2017-04-12 19:11:05,187 - org.eclipse.datatools.enablement.sqlite.dbdefinition - 1.1.0.201603142002
2017-04-12 19:11:05,188 - org.eclipse.datatools.enablement.sqlite.ui - 1.1.0.201603142002
2017-04-12 19:11:05,188 - org.eclipse.datatools.enablement.finfo - 1.6.0.201603142002
2017-04-12 19:11:05,219 - org.eclipse.emf.codegen.ui - 2.6.0.v20160526-0356
2017-04-12 19:11:05,225 - org.eclipse.mylyn.commons.notifications.core - 1.13.0.v20160630-1702
2017-04-12 19:11:05,226 - org.eclipse.mylyn.commons.notifications.feed - 1.13.0.v20160721-2347
2017-04-12 19:11:05,226 - org.eclipse.mylyn.commons.notifications.ui - 1.13.0.v20160630-1702
2017-04-12 19:11:05,231 - org.eclipse.emf.converter - 2.7.0.v20160526-0356
2017-04-12 19:11:05,231 - org.eclipse.emf.importer - 2.9.0.v20160526-0356
2017-04-12 19:11:05,231 - org.eclipse.emf.exporter - 2.7.0.v20160526-0356
2017-04-12 19:11:05,231 - org.eclipse.emf.importer.ecore - 2.8.0.v20160526-0356
2017-04-12 19:11:05,231 - org.eclipse.emf.importer.java - 2.7.0.v20160526-0356
2017-04-12 19:11:05,231 - org.eclipse.emf.importer.rose - 2.8.0.v20160526-0356
2017-04-12 19:11:05,237 - org.eclipse.emf.edit.ui - 2.12.0.v20160526-0356
2017-04-12 19:11:05,242 - org.eclipse.help - 3.7.0.v20160602-1307
2017-04-12 19:11:05,242 - org.eclipse.ui - 3.108.1.v20160929-1045
2017-04-12 19:11:05,242 - org.eclipse.ui.workbench - 3.108.3.v20170216-1539
2017-04-12 19:11:05,245 - org.eclipse.update.configurator - 3.3.400.v20160506-0750
2017-04-12 19:11:05,246 - org.eclipse.rcp - 4.6.3.v20170301-0400
2017-04-12 19:11:05,250 - org.eclipse.recommenders.rcp - 2.4.6.v20170307-1041
2017-04-12 19:11:05,250 - org.eclipse.recommenders.apidocs - 2.4.6.v20170307-1041
2017-04-12 19:11:05,250 - org.eclipse.recommenders.apidocs.rcp - 2.4.6.v20170307-1041
2017-04-12 19:11:05,251 - org.eclipse.recommenders.calls - 2.4.6.v20170307-1041
2017-04-12 19:11:05,253 - org.eclipse.recommenders.calls.rcp - 2.4.6.v20170307-1041
2017-04-12 19:11:05,253 - org.eclipse.recommenders.chain.rcp - 2.4.6.v20170307-1041
2017-04-12 19:11:05,253 - org.eclipse.recommenders.completion.rcp - 2.4.6.v20170307-1041
2017-04-12 19:11:05,254 - org.eclipse.recommenders.constructors - 2.4.6.v20170307-1041
2017-04-12 19:11:05,254 - org.eclipse.recommenders.constructors.rcp - 2.4.6.v20170307-1041
2017-04-12 19:11:05,255 - org.eclipse.recommenders.coordinates - 2.4.6.v20170307-1041
2017-04-12 19:11:05,255 - org.eclipse.recommenders.coordinates.rcp - 2.4.6.v20170307-1041
2017-04-12 19:11:05,255 - org.eclipse.recommenders.injection - 2.4.6.v20170307-1041
2017-04-12 19:11:05,256 - org.eclipse.recommenders.jayes - 2.4.6.v20170307-1041
2017-04-12 19:11:05,256 - org.eclipse.recommenders.jayes.io - 2.4.6.v20170307-1041
2017-04-12 19:11:05,257 - org.eclipse.recommenders.jdt - 2.4.6.v20170307-1041
2017-04-12 19:11:05,258 - org.eclipse.recommenders.models - 2.4.6.v20170307-1041
2017-04-12 19:11:05,258 - org.eclipse.recommenders.models.rcp - 2.4.6.v20170307-1041
2017-04-12 19:11:05,259 - org.eclipse.recommenders.net - 2.4.6.v20170307-1041
2017-04-12 19:11:05,262 - org.eclipse.recommenders.overrides - 2.4.6.v20170307-1041
2017-04-12 19:11:05,262 - org.eclipse.recommenders.overrides.rcp - 2.4.6.v20170307-1041
2017-04-12 19:11:05,262 - org.eclipse.recommenders.subwords.rcp - 2.4.6.v20170307-1041
2017-04-12 19:11:05,262 - org.eclipse.recommenders.types.rcp - 2.4.6.v20170307-1041
2017-04-12 19:11:05,263 - org.eclipse.recommenders.utils - 2.4.6.v20170307-1041
2017-04-12 19:11:05,263 - org.eclipse.recommenders.utils.rcp - 2.4.6.v20170307-1041
2017-04-12 19:11:05,271 - org.eclipse.mylyn.commons.repositories.http.core - 1.13.0.v20160630-1702
2017-04-12 19:11:05,278 - org.eclipse.datatools.connectivity.oda.design.ui - 3.3.0.201603142002
2017-04-12 19:11:05,278 - org.eclipse.datatools.connectivity.ui.dse - 1.2.0.201603142002
2017-04-12 19:11:05,278 - org.eclipse.datatools.connectivity.ui - 1.3.0.201603142002
2017-04-12 19:11:05,278 - org.eclipse.datatools.connectivity.sqm.core - 1.3.0.201603142002
2017-04-12 19:11:05,278 - org.eclipse.datatools.help - 1.6.0.201603142002
2017-04-12 19:11:05,289 - org.eclipse.jdt - 3.12.3.v20170301-0400
2017-04-12 19:11:05,289 - org.eclipse.ant.ui - 3.6.201.v20161115-1135
2017-04-12 19:11:05,289 - org.eclipse.jdt.apt.core - 3.4.100.v20160525-0952
2017-04-12 19:11:05,290 - org.eclipse.jdt.apt.ui - 3.4.100.v20160418-1457
2017-04-12 19:11:05,290 - org.eclipse.jdt.apt.pluggable.core - 1.1.100.v20160418-1457
2017-04-12 19:11:05,294 - org.eclipse.jdt.compiler.apt - 1.2.100.v20160418-1457
2017-04-12 19:11:05,294 - org.eclipse.jdt.compiler.tool - 1.1.100.v20160418-1457
2017-04-12 19:11:05,296 - org.eclipse.jdt.core - 3.12.3.v20170228-1205
2017-04-12 19:11:05,300 - org.eclipse.jdt.annotation - 2.1.0.v20160418-1457
2017-04-12 19:11:05,300 - org.eclipse.jdt.annotation - 2.1.0.v20160418-1457
2017-04-12 19:11:05,300 - org.eclipse.jdt.core.manipulation - 1.7.0.v20160419-0705
2017-04-12 19:11:05,300 - org.eclipse.jdt.debug.ui - 3.7.201.v20160811-0450
2017-04-12 19:11:05,300 - org.eclipse.jdt.debug - 3.10.1.v20160811-0441
2017-04-12 19:11:05,300 - org.eclipse.jdt.junit - 3.9.0.v20160421-1701
2017-04-12 19:11:05,301 - org.eclipse.jdt.junit.core - 3.8.0.v20160421-1701
2017-04-12 19:11:05,302 - org.eclipse.jdt.junit.runtime - 3.4.600.v20160505-0715
2017-04-12 19:11:05,303 - org.eclipse.jdt.junit4.runtime - 1.1.600.v20160505-0715
2017-04-12 19:11:05,304 - org.eclipse.jdt.launching - 3.8.101.v20161111-2014
2017-04-12 19:11:05,304 - org.eclipse.jdt.ui - 3.12.2.v20160929-0804
2017-04-12 19:11:05,307 - org.junit - 4.12.0.v201504281640
2017-04-12 19:11:05,310 - org.hamcrest.core - 1.3.0.v201303031735
2017-04-12 19:11:05,310 - org.eclipse.jdt.doc.user - 3.12.1.v20160727-2009
2017-04-12 19:11:05,310 - org.eclipse.ant.launching - 1.1.201.v20161115-1135
2017-04-12 19:11:05,316 - org.eclipse.emf.common - 2.12.0.v20160420-0247
2017-04-12 19:11:05,347 - org.eclipse.sequoyah.vnc.vncviewer.vncviews - 2.1.0.N20120718-0509
2017-04-12 19:11:05,355 - org.eclipse.egit.mylyn.ui - 4.6.1.201703071140-r
2017-04-12 19:11:05,361 - org.eclipse.datatools.sqltools.common.ui - 1.1.0.201603142002
2017-04-12 19:11:05,361 - org.eclipse.datatools.sqltools.debugger.core - 1.1.0.201603142002
2017-04-12 19:11:05,361 - org.eclipse.datatools.sqltools.editor.core - 1.1.0.201603142002
2017-04-12 19:11:05,361 - org.eclipse.datatools.sqltools.plan - 1.1.0.201603142002
2017-04-12 19:11:05,361 - org.eclipse.datatools.sqltools.routineeditor - 1.1.0.201603142002
2017-04-12 19:11:05,363 - org.eclipse.datatools.sqltools.sql - 1.1.0.201603142002
2017-04-12 19:11:05,363 - org.eclipse.datatools.sqltools.sqleditor - 1.1.0.201603142002
2017-04-12 19:11:05,363 - org.eclipse.datatools.sqltools.sqlscrapbook - 1.1.0.201603142002
2017-04-12 19:11:05,363 - org.eclipse.datatools.help - 1.6.0.201603142002
2017-04-12 19:11:05,363 - org.eclipse.datatools.sqltools.db.generic - 1.1.0.201603142002
2017-04-12 19:11:05,363 - org.eclipse.datatools.sqltools.debugger.core.ui - 1.1.0.201603142002
2017-04-12 19:11:05,363 - org.eclipse.datatools.sqltools.editor.core.ui - 1.1.0.201603142002
2017-04-12 19:11:05,363 - org.eclipse.datatools.sqltools.result.ui - 1.2.0.201603142002
2017-04-12 19:11:05,363 - org.eclipse.datatools.sqltools.routineeditor.ui - 1.1.0.201603142002
2017-04-12 19:11:05,363 - org.eclipse.datatools.sqltools.sql.ui - 1.1.0.201603142002
2017-04-12 19:11:05,372 - org.objectweb.asm - 5.0.1.v201404251740
2017-04-12 19:11:05,372 - org.eclipse.andmore - 0.5.0.201605181018
2017-04-12 19:11:05,372 - org.eclipse.andmore.base - 0.5.0.201605181018
2017-04-12 19:11:05,372 - org.eclipse.andmore.ddms - 0.5.0.201605181018
2017-04-12 19:11:05,372 - org.eclipse.andmore.overlay - 0.5.0.201605181018
2017-04-12 19:11:05,375 - org.apache.commons.codec - 1.6.0.v201305230611
2017-04-12 19:11:05,377 - org.apache.commons.compress - 1.6.0.v201310281400
2017-04-12 19:11:05,378 - org.apache.httpcomponents.httpclient - 4.3.6.v201511171540
2017-04-12 19:11:05,380 - org.apache.httpcomponents.httpcore - 4.3.3.v201411290715
2017-04-12 19:11:05,387 - org.eclipse.datatools.modelbase.dbdefinition - 1.1.0.201603142002
2017-04-12 19:11:05,387 - org.eclipse.datatools.modelbase.sql.edit - 1.1.0.201603142002
2017-04-12 19:11:05,387 - org.eclipse.datatools.modelbase.sql.query - 1.2.0.201603142002
2017-04-12 19:11:05,387 - org.eclipse.datatools.modelbase.sql.query.edit - 1.1.0.201603142002
2017-04-12 19:11:05,387 - org.eclipse.datatools.modelbase.sql.xml.query - 1.1.0.201603142002
2017-04-12 19:11:05,387 - org.eclipse.datatools.modelbase.sql - 1.1.0.201603142002
2017-04-12 19:11:05,395 - org.eclipse.oomph.setup.editor - 1.7.0.v20170104-1401
2017-04-12 19:11:05,395 - org.eclipse.oomph.setup.ui - 1.7.0.v20170305-1123
2017-04-12 19:11:05,395 - org.eclipse.oomph.setup.doc - 1.7.0.v20170104-1401
2017-04-12 19:11:05,395 - org.eclipse.oomph.setup.ui.questionnaire - 1.7.0.v20170104-1401
2017-04-12 19:11:05,395 - org.eclipse.oomph.jreinfo.ui - 1.7.0.v20161220-1444
2017-04-12 19:11:05,405 - org.eclipse.emf.mapping - 2.9.0.v20160526-0356
2017-04-12 19:11:05,432 - org.eclipse.emf.ecore - 2.12.0.v20160420-0247
2017-04-12 19:11:05,432 - org.eclipse.emf.ecore.change - 2.11.0.v20160420-0247
2017-04-12 19:11:05,432 - org.eclipse.emf.ecore.xmi - 2.12.0.v20160420-0247
2017-04-12 19:11:05,435 - org.eclipse.jgit - 4.6.1.201703071140-r
2017-04-12 19:11:05,436 - org.eclipse.jgit.archive - 4.6.1.201703071140-r
2017-04-12 19:11:05,438 - com.jcraft.jsch - 0.1.54.v20170116-1932
2017-04-12 19:11:05,439 - javaewah - 1.1.6.v20160919-1400
2017-04-12 19:11:05,439 - org.apache.commons.compress - 1.6.0.v201310281400
2017-04-12 19:11:05,442 - org.slf4j.api - 1.7.2.v20121108-1250
2017-04-12 19:11:05,443 - org.slf4j.impl.log4j12 - 1.7.2.v20131105-2200
2017-04-12 19:11:05,444 - org.apache.log4j - 1.2.15.v201012070815
2017-04-12 19:11:05,465 - org.eclipse.mylyn.wikitext.core - 2.10.1.v20161129-1925
2017-04-12 19:11:05,466 - org.eclipse.mylyn.wikitext.core.ant - 2.10.1.v20161129-1925
2017-04-12 19:11:05,467 - org.eclipse.mylyn.wikitext.core.osgi - 2.10.1.v20161129-1925
2017-04-12 19:11:05,467 - org.eclipse.mylyn.wikitext.textile.core - 2.10.1.v20161129-1925
2017-04-12 19:11:05,468 - org.eclipse.mylyn.wikitext.html.core - 2.10.1.v20161129-1925
2017-04-12 19:11:05,468 - org.eclipse.mylyn.wikitext.markdown.core - 2.10.1.v20161129-1925
2017-04-12 19:11:05,468 - org.eclipse.mylyn.wikitext.mediawiki.core - 2.10.1.v20161129-1925
2017-04-12 19:11:05,470 - org.eclipse.mylyn.wikitext.mediawiki.core.ant - 2.10.1.v20161129-1925
2017-04-12 19:11:05,470 - org.eclipse.mylyn.wikitext.confluence.core - 2.10.1.v20161129-1925
2017-04-12 19:11:05,470 - org.eclipse.mylyn.wikitext.tracwiki.core - 2.10.1.v20161129-1925
2017-04-12 19:11:05,470 - org.eclipse.mylyn.wikitext.twiki.core - 2.10.1.v20161129-1925
2017-04-12 19:11:05,470 - org.eclipse.mylyn.wikitext.ui - 2.10.1.v20161129-1925
2017-04-12 19:11:05,470 - org.eclipse.mylyn.wikitext.help.ui - 2.10.1.v20161129-1925
2017-04-12 19:11:05,470 - org.eclipse.mylyn.wikitext.textile.ui - 2.10.1.v20161129-1925
2017-04-12 19:11:05,471 - org.eclipse.mylyn.wikitext.markdown.ui - 2.10.1.v20161129-1925
2017-04-12 19:11:05,471 - org.eclipse.mylyn.wikitext.mediawiki.ui - 2.10.1.v20161129-1925
2017-04-12 19:11:05,471 - org.eclipse.mylyn.wikitext.confluence.ui - 2.10.1.v20161129-1925
2017-04-12 19:11:05,471 - org.eclipse.mylyn.wikitext.tracwiki.ui - 2.10.1.v20161129-1925
2017-04-12 19:11:05,471 - org.eclipse.mylyn.wikitext.twiki.ui - 2.10.1.v20161129-1925
2017-04-12 19:11:05,471 - org.eclipse.mylyn.wikitext.tasks.ui - 2.10.1.v20161129-1925
2017-04-12 19:11:05,471 - org.eclipse.mylyn.wikitext.context.ui - 2.10.1.v20161129-1925
2017-04-12 19:11:05,471 - org.eclipse.mylyn.wikitext.asciidoc.core - 2.10.1.v20161129-1925
2017-04-12 19:11:05,471 - org.eclipse.mylyn.wikitext.asciidoc.ui - 2.10.1.v20161129-1925
2017-04-12 19:11:05,477 - org.eclipse.emf.mapping.ecore.editor - 2.6.0.v20160526-0356
2017-04-12 19:11:05,477 - org.eclipse.emf.mapping.ecore2ecore.editor - 2.7.0.v20160526-0356
2017-04-12 19:11:05,477 - org.eclipse.emf.mapping.ecore2xml.ui - 2.8.0.v20160526-0356
2017-04-12 19:11:05,481 - org.eclipse.recommenders.mylyn.rcp - 2.4.6.v20170307-1041
2017-04-12 19:11:05,526 - org.apache.ant - 1.9.6.v201510161327
2017-04-12 19:11:05,526 - org.eclipse.ant.core - 3.4.100.v20160505-0642
2017-04-12 19:11:05,526 - com.jcraft.jsch - 0.1.54.v20170116-1932
2017-04-12 19:11:05,527 - org.eclipse.compare.core - 3.6.0.v20160418-1534
2017-04-12 19:11:05,528 - org.eclipse.compare - 3.7.1.v20170103-1805
2017-04-12 19:11:05,528 - org.eclipse.compare.win32 - 1.1.0.v20160418-1534
2017-04-12 19:11:05,528 - org.eclipse.core.filebuffers - 3.6.0.v20160503-1849
2017-04-12 19:11:05,528 - org.eclipse.core.filesystem - 1.6.1.v20161113-2349
2017-04-12 19:11:05,528 - org.eclipse.core.net - 1.3.0.v20160418-1534
2017-04-12 19:11:05,529 - org.eclipse.core.net.win32.x86_64 - 1.1.0.v20160323-1650
2017-04-12 19:11:05,529 - org.eclipse.core.resources - 3.11.1.v20161107-2032
2017-04-12 19:11:05,530 - org.eclipse.osgi.util - 3.3.100.v20150423-1351
2017-04-12 19:11:05,530 - org.eclipse.debug.core - 3.10.100.v20160419-1720
2017-04-12 19:11:05,530 - org.eclipse.debug.ui - 3.11.202.v20161114-0338
2017-04-12 19:11:05,531 - org.eclipse.equinox.event - 1.3.200.v20160324-1850
2017-04-12 19:11:05,531 - org.eclipse.ltk.core.refactoring - 3.7.0.v20160419-0705
2017-04-12 19:11:05,532 - org.eclipse.ltk.ui.refactoring - 3.8.0.v20160518-1817
2017-04-12 19:11:05,532 - org.eclipse.platform - 4.6.3.v20170301-0400
2017-04-12 19:11:05,532 - org.eclipse.platform.doc.user - 4.6.1.v20160727-2009
2017-04-12 19:11:05,533 - org.eclipse.search - 3.11.1.v20161113-1700
2017-04-12 19:11:05,533 - org.eclipse.team.core - 3.8.0.v20160418-1534
2017-04-12 19:11:05,533 - org.eclipse.team.ui - 3.8.0.v20160518-1906
2017-04-12 19:11:05,533 - org.eclipse.text - 3.6.0.v20160503-1849
2017-04-12 19:11:05,533 - org.eclipse.jface.text - 3.11.2.v20170220-1911
2017-04-12 19:11:05,534 - org.eclipse.jsch.core - 1.3.0.v20160422-1917
2017-04-12 19:11:05,535 - org.eclipse.jsch.ui - 1.3.0.v20160323-1650
2017-04-12 19:11:05,535 - org.eclipse.ui.console - 3.6.201.v20161107-0337
2017-04-12 19:11:05,535 - org.eclipse.ui.intro - 3.5.2.v20161116-1147
2017-04-12 19:11:05,535 - org.eclipse.ui.intro.universal - 3.3.1.v20160829-1558
2017-04-12 19:11:05,535 - org.eclipse.ui.cheatsheets - 3.5.0.v20160504-0839
2017-04-12 19:11:05,535 - org.eclipse.ui.browser - 3.5.2.v20161114-0210
2017-04-12 19:11:05,535 - org.eclipse.ui.monitoring - 1.1.2.v20170203-1115
2017-04-12 19:11:05,535 - org.eclipse.ui.navigator - 3.6.101.v20161006-1120
2017-04-12 19:11:05,535 - org.eclipse.ui.navigator.resources - 3.5.101.v20161006-0640
2017-04-12 19:11:05,535 - org.eclipse.ui.net - 1.3.0.v20160426-1633
2017-04-12 19:11:05,537 - org.eclipse.ui.workbench.texteditor - 3.10.1.v20160818-1626
2017-04-12 19:11:05,537 - org.eclipse.ui.views - 3.8.102.v20170111-0801
2017-04-12 19:11:05,537 - org.eclipse.ui.editors - 3.10.1.v20161106-1856
2017-04-12 19:11:05,537 - org.eclipse.ui.externaltools - 3.3.100.v20160518-1858
2017-04-12 19:11:05,538 - org.eclipse.ui.ide - 3.12.3.v20170119-0935
2017-04-12 19:11:05,538 - org.eclipse.ui.ide.application - 1.1.101.v20160829-0827
2017-04-12 19:11:05,539 - org.eclipse.ui.win32 - 3.3.0.v20160505-1310
2017-04-12 19:11:05,539 - org.eclipse.core.resources.win32.x86_64 - 3.5.0.v20140124-1940
2017-04-12 19:11:05,547 - org.eclipse.core.filesystem.win32.x86_64 - 1.4.0.v20140124-1940
2017-04-12 19:11:05,548 - org.eclipse.core.variables - 3.3.0.v20160419-1720
2017-04-12 19:11:05,548 - org.eclipse.ui.forms - 3.7.1.v20161220-1635
2017-04-12 19:11:05,555 - org.eclipse.ui.views.properties.tabbed - 3.7.0.v20160310-0903
2017-04-12 19:11:05,555 - org.eclipse.equinox.security - 1.2.200.v20150715-1528
2017-04-12 19:11:05,555 - org.eclipse.equinox.security.ui - 1.1.300.v20150803-1225
2017-04-12 19:11:05,555 - org.eclipse.equinox.security.win32.x86_64 - 1.0.100.v20130327-1442
2017-04-12 19:11:05,555 - org.eclipse.core.externaltools - 1.0.400.v20160509-1057
2017-04-12 19:11:05,555 - org.eclipse.ui.themes - 1.1.300.v20161107-1827
2017-04-12 19:11:05,555 - org.eclipse.core.runtime - 3.12.0.v20160606-1342
2017-04-12 19:11:05,559 - org.eclipse.ui.intro.quicklinks - 1.0.0.v20160515-0255
2017-04-12 19:11:05,564 - org.eclipse.mylyn.discovery.core - 3.21.0.v20160729-1739
2017-04-12 19:11:05,565 - org.eclipse.mylyn.discovery.ui - 3.21.0.v20160630-1702
2017-04-12 19:11:05,572 - org.eclipse.emf.ecore.edit - 2.9.0.v20160526-0356
2017-04-12 19:11:05,573 - org.eclipse.emf.ecore.change.edit - 2.6.0.v20160526-0356
2017-04-12 19:11:05,579 - org.eclipse.sequoyah.vnc.protocol - 2.1.0.N20120718-0509
2017-04-12 19:11:05,584 - org.eclipse.mylyn.versions.core - 1.13.0.v20160630-2022
2017-04-12 19:11:05,584 - org.eclipse.mylyn.versions.ui - 1.13.0.v20160630-2022
2017-04-12 19:11:05,590 - org.eclipse.emf.mapping.ecore - 2.6.0.v20160526-0356
2017-04-12 19:11:05,590 - org.eclipse.emf.mapping.ecore2ecore - 2.9.0.v20160526-0356
2017-04-12 19:11:05,590 - org.eclipse.emf.mapping.ecore2xml - 2.9.0.v20160526-0356
2017-04-12 19:11:05,594 - org.eclipse.andmore.traceview - 0.5.0.201605181018
2017-04-12 19:11:05,599 - org.eclipse.sequoyah.localization.android - 2.1.0.N20120718-0509
2017-04-12 19:11:05,599 - org.eclipse.sequoyah.localization.android.help - 2.1.1.N20120718-0509
2017-04-12 19:11:05,631 - org.eclipse.m2e.logback.configuration - 1.7.0.20160603-1933
2017-04-12 19:11:05,633 - org.eclipse.m2e.logback.appender - 1.7.0.20160603-1933
2017-04-12 19:11:05,638 - org.eclipse.emf.codegen - 2.11.0.v20160526-0356
2017-04-12 19:11:05,652 - org.eclipse.wst.dtd.ui - 1.0.801.v201308100602
2017-04-12 19:11:05,654 - org.eclipse.wst.dtd.ui.infopop - 1.0.400.v201309112106
2017-04-12 19:11:05,654 - org.eclipse.wst.sse.ui.infopop - 1.0.300.v201309112106
2017-04-12 19:11:05,654 - org.eclipse.wst.xml.ui.infopop - 1.0.400.v201309112106
2017-04-12 19:11:05,655 - org.eclipse.wst.sse.ui - 1.3.500.v201605120129
2017-04-12 19:11:05,655 - org.eclipse.wst.xml.ui - 1.1.700.v201604272318
2017-04-12 19:11:05,655 - org.eclipse.wst.xsd.ui - 1.2.600.v201511240159
2017-04-12 19:11:05,661 - org.eclipse.emf - 2.6.0.v20160526-0356
2017-04-12 19:11:05,667 - org.eclipse.datatools.doc.user - 1.7.0.20090521092446
2017-04-12 19:11:05,668 - org.eclipse.datatools.oda.cshelp - 1.2.0.201603142002
2017-04-12 19:11:05,668 - org.eclipse.datatools.help - 1.6.0.201603142002
2017-04-12 19:11:05,675 - org.eclipse.mylyn.tasks.bugs - 3.21.0.v20160929-1805
2017-04-12 19:11:05,675 - org.eclipse.mylyn.help.ui - 3.21.0.v20160913-2013
2017-04-12 19:11:05,679 - org.eclipse.draw2d - 3.10.100.201606061308
2017-04-12 19:11:05,684 - org.eclipse.emf.edit - 2.12.0.v20160526-0356
2017-04-12 19:11:05,688 - org.eclipse.mylyn.commons.core - 3.21.0.v20160707-1856
2017-04-12 19:11:05,688 - org.eclipse.mylyn.commons.screenshots - 3.21.0.v20160630-1702
2017-04-12 19:11:05,689 - org.eclipse.mylyn.commons.ui - 3.21.0.v20160630-1702
2017-04-12 19:11:05,689 - org.eclipse.mylyn.commons.workbench - 3.21.0.v20160630-1702
2017-04-12 19:11:05,694 - org.eclipse.mylyn.bugzilla.ide - 3.21.0.v20160912-1820
2017-04-12 19:11:05,694 - org.eclipse.mylyn.ide.ui - 3.21.0.v20160701-1337
2017-04-12 19:11:05,697 - org.eclipse.emf.databinding.edit - 1.3.0.v20160526-0356
2017-04-12 19:11:05,701 - org.eclipse.emf.codegen.ecore - 2.12.0.v20160526-0356
2017-04-12 19:11:05,701 - org.eclipse.emf.ant - 2.8.0.v20160526-0356
2017-04-12 19:11:05,720 - org.eclipse.m2e.archetype.common - 1.7.0.20160603-1931
2017-04-12 19:11:05,739 - org.eclipse.m2e.maven.indexer - 1.7.0.20160603-1931
2017-04-12 19:11:05,740 - org.eclipse.m2e.model.edit - 1.7.0.20160603-1933
2017-04-12 19:11:05,740 - org.eclipse.m2e.core - 1.7.0.20160603-1933
2017-04-12 19:11:05,741 - org.eclipse.m2e.launching - 1.7.0.20160603-1933
2017-04-12 19:11:05,742 - org.eclipse.m2e.workspace.cli - 0.3.1
2017-04-12 19:11:05,742 - org.eclipse.m2e.jdt - 1.7.0.20160603-1933
2017-04-12 19:11:05,742 - org.eclipse.m2e.editor - 1.7.0.20160603-1933
2017-04-12 19:11:05,742 - org.eclipse.m2e.editor.xml - 1.7.0.20160603-1933
2017-04-12 19:11:05,795 - org.eclipse.m2e.maven.runtime - 1.7.0.20160603-1931
2017-04-12 19:11:05,797 - org.eclipse.m2e.maven.runtime.slf4j.simple - 1.7.0.20160603-1931
2017-04-12 19:11:05,797 - org.eclipse.m2e.refactoring - 1.7.0.20160603-1933
2017-04-12 19:11:05,797 - org.eclipse.m2e.lifecyclemapping.defaults - 1.7.0.20160603-1933
2017-04-12 19:11:05,797 - org.eclipse.m2e.discovery - 1.7.0.20160603-1933
2017-04-12 19:11:05,797 - org.eclipse.m2e.core.ui - 1.7.0.20160603-1933
2017-04-12 19:11:05,797 - org.eclipse.m2e.scm - 1.7.0.20160603-1933
2017-04-12 19:11:05,797 - org.eclipse.m2e.jdt.ui - 1.7.0.20160603-1933
2017-04-12 19:11:05,797 - org.eclipse.m2e.profiles.core - 1.7.0.20160603-1933
2017-04-12 19:11:05,797 - org.eclipse.m2e.profiles.ui - 1.7.0.20160603-1933
2017-04-12 19:11:05,797 - org.eclipse.m2e.importer - 1.7.0.20160603-1933
2017-04-12 19:11:05,800 - org.eclipse.andmore.ndk - 0.5.0.201605181018
2017-04-12 19:11:05,807 - org.eclipse.andmore.gldebugger - 0.5.0.201605181018
2017-04-12 19:11:05,813 - org.eclipse.mylyn.hudson.core - 1.13.0.v20160806-1446
2017-04-12 19:11:05,813 - org.eclipse.mylyn.hudson.ui - 1.13.0.v20160704-1634
2017-04-12 19:11:05,819 - org.eclipse.epp.mpc.core - 1.5.4.v20170222-1921
2017-04-12 19:11:05,820 - org.eclipse.epp.mpc.ui - 1.5.4.v20170222-1941
2017-04-12 19:11:05,820 - org.eclipse.epp.mpc.help.ui - 1.5.4.v20170201-1845
2017-04-12 19:11:05,820 - org.apache.httpcomponents.httpclient - 4.3.6.v201511171540
2017-04-12 19:11:05,820 - org.apache.httpcomponents.httpcore - 4.3.3.v201411290715
2017-04-12 19:11:05,825 - org.eclipse.mylyn.git.core - 1.13.0.v20160630-2022
2017-04-12 19:11:05,826 - org.eclipse.mylyn.git.ui - 1.13.0.v20160630-2022
2017-04-12 19:11:05,853 - org.eclipse.datatools.connectivity.oda.consumer - 3.3.0.201603142002
2017-04-12 19:11:05,853 - org.eclipse.datatools.connectivity.oda.design - 3.4.0.201603142002
2017-04-12 19:11:05,853 - org.eclipse.datatools.connectivity.oda.profile - 3.3.0.201603142002
2017-04-12 19:11:05,853 - org.eclipse.datatools.connectivity.oda - 3.5.0.201603142002
2017-04-12 19:11:05,853 - org.eclipse.datatools.connectivity - 1.13.0.201603142002
2017-04-12 19:11:05,858 - org.eclipse.andmore.android.certmanager - 0.5.0.201605181018
2017-04-12 19:11:05,865 - org.eclipse.recommenders.snipmatch - 2.4.6.v20170307-1041
2017-04-12 19:11:05,865 - org.eclipse.recommenders.snipmatch.rcp - 2.4.6.v20170307-1041
2017-04-12 19:11:05,896 - org.eclipse.cdt.gdb - 7.0.0.201612061315
2017-04-12 19:11:05,896 - org.eclipse.cdt.gdb.ui - 7.0.0.201612061315
2017-04-12 19:11:05,901 - org.eclipse.pde - 3.12.2.v20161124-1400
2017-04-12 19:11:05,901 - org.eclipse.pde.build - 3.9.200.v20160204-0642
2017-04-12 19:11:05,901 - org.eclipse.pde.core - 3.11.1.v20161115-1951
2017-04-12 19:11:05,901 - org.eclipse.pde.junit.runtime - 3.5.0.v20151013-0625
2017-04-12 19:11:05,901 - org.eclipse.pde.runtime - 3.5.0.v20160418-1724
2017-04-12 19:11:05,901 - org.eclipse.pde.ui - 3.9.100.v20161102-0517
2017-04-12 19:11:05,906 - org.eclipse.pde.doc.user - 3.12.2.v20161123-1159
2017-04-12 19:11:05,906 - org.eclipse.pde.ui.templates - 3.6.0.v20160424-1948
2017-04-12 19:11:05,906 - org.eclipse.ui.views.log - 1.2.1.v20160829-0826
2017-04-12 19:11:05,906 - org.objectweb.asm - 5.0.1.v201404251740
2017-04-12 19:11:05,908 - org.objectweb.asm.tree - 5.0.1.v201404251740
2017-04-12 19:11:05,908 - org.eclipse.pde.api.tools - 1.1.2.v20161115-0549
2017-04-12 19:11:05,909 - org.eclipse.pde.api.tools.annotations - 1.0.100.v20160418-1724
2017-04-12 19:11:05,909 - org.eclipse.pde.api.tools.ui - 1.1.0.v20160519-0701
2017-04-12 19:11:05,909 - org.eclipse.pde.ds.core - 1.1.0.v20151201-1325
2017-04-12 19:11:05,909 - org.eclipse.pde.ds.ui - 1.1.0.v20160518-1843
2017-04-12 19:11:05,909 - org.eclipse.pde.launching - 3.6.401.v20161115-0549
2017-04-12 19:11:05,909 - org.eclipse.pde.ua.core - 1.0.500.v20160204-0642
2017-04-12 19:11:05,909 - org.eclipse.pde.ua.ui - 1.1.0.v20160518-1843
2017-04-12 19:11:05,910 - org.eclipse.ui.trace - 1.0.400.v20160509-1055
2017-04-12 19:11:05,910 - org.eclipse.pde.ds.annotations - 1.0.0.v20160525-1437
2017-04-12 19:11:05,919 - org.eclipse.sequoyah.localization.tools - 2.1.0.N20120718-0509
2017-04-12 19:11:05,919 - org.eclipse.sequoyah.localization.editor - 2.1.0.N20120718-0509
2017-04-12 19:11:05,937 - net.sourceforge.lpg.lpgjavaruntime - 1.1.0.v201004271650
2017-04-12 19:11:05,937 - org.eclipse.datatools.sqltools.parsers.sql.lexer - 1.1.0.201603142002
2017-04-12 19:11:05,937 - org.eclipse.datatools.sqltools.parsers.sql.query - 1.3.0.201603142002
2017-04-12 19:11:05,938 - org.eclipse.datatools.sqltools.parsers.sql.xml.query - 1.1.0.201603142002
2017-04-12 19:11:05,938 - org.eclipse.datatools.sqltools.parsers.sql - 1.1.0.201603142002
2017-04-12 19:11:05,988 - org.eclipse.mylyn.java.ui - 3.21.0.v20160701-1337
2017-04-12 19:11:05,988 - org.eclipse.mylyn.java.tasks - 3.21.0.v20160701-1337
2017-04-12 19:11:05,988 - org.eclipse.mylyn.ide.ui - 3.21.0.v20160701-1337
2017-04-12 19:11:05,988 - org.eclipse.mylyn.ide.ant - 3.21.0.v20160701-1337
2017-04-12 19:11:05,988 - org.eclipse.mylyn.debug.ui - 3.21.0.v20160701-1337
2017-04-12 19:11:06,006 - org.eclipse.mylyn.team.ui - 3.21.0.v20160701-1337
2017-04-12 19:11:06,010 - org.eclipse.datatools.sqltools.sql - 1.1.0.201603142002
2017-04-12 19:11:06,010 - org.eclipse.datatools.sqltools.common.ui - 1.1.0.201603142002
2017-04-12 19:11:06,010 - org.eclipse.datatools.sqltools.plan - 1.1.0.201603142002
2017-04-12 19:11:06,010 - org.eclipse.datatools.sqltools.editor.core - 1.1.0.201603142002
2017-04-12 19:11:06,010 - org.eclipse.datatools.sqltools.sqleditor - 1.1.0.201603142002
2017-04-12 19:11:06,010 - org.eclipse.datatools.sqltools.ddlgen.ui - 1.1.0.201603142002
2017-04-12 19:11:06,010 - org.eclipse.datatools.connectivity.db.generic - 1.1.0.201603142002
2017-04-12 19:11:06,010 - org.eclipse.datatools.sqltools.editor.core.ui - 1.1.0.201603142002
2017-04-12 19:11:06,010 - org.eclipse.datatools.sqltools.sql.ui - 1.1.0.201603142002
2017-04-12 19:11:06,017 - org.eclipse.emf.common.ui - 2.11.0.v20160526-0356
2017-04-12 19:11:06,021 - org.eclipse.mylyn.commons.repositories.core - 1.13.0.v20160630-1702
2017-04-12 19:11:06,022 - org.eclipse.mylyn.commons.repositories.ui - 1.13.0.v20160630-1702
2017-04-12 19:11:06,035 - org.eclipse.sequoyah.device.common.utilities - 2.1.0.N20120718-0509
2017-04-12 19:11:06,045 - org.eclipse.andmore.android.common - 0.5.0.201605181018
2017-04-12 19:11:06,045 - org.eclipse.andmore.android.codeutils - 0.5.0.201605181018
2017-04-12 19:11:06,045 - org.eclipse.andmore.android.translation - 0.5.0.201605181018
2017-04-12 19:11:06,045 - org.eclipse.andmore.android.codesnippets - 0.5.0.201605181018
2017-04-12 19:11:06,045 - org.eclipse.andmore.android.db.core - 0.5.0.201605181018
2017-04-12 19:11:06,045 - org.eclipse.andmore.android.logger - 0.5.0.201605181018
2017-04-12 19:11:06,045 - org.eclipse.andmore.android - 0.5.0.201605181018
2017-04-12 19:11:06,046 - org.eclipse.andmore.android.emulator - 0.5.0.201605181018
2017-04-12 19:11:06,046 - org.eclipse.andmore.android.launch - 0.5.0.201605181018
2017-04-12 19:11:06,046 - org.eclipse.andmore.android.packaging.ui - 0.5.0.201605181018
2017-04-12 19:11:06,046 - org.eclipse.andmore.android.handset - 0.5.0.201605181018
2017-04-12 19:11:06,046 - org.eclipse.andmore.android.remote - 0.5.0.201605181018
2017-04-12 19:11:06,046 - org.eclipse.andmore.android.win32.x86_64 - 0.5.0.201605181018
2017-04-12 19:11:06,046 - org.eclipse.andmore.android.mat - 0.5.0.201605181018
2017-04-12 19:11:06,046 - org.eclipse.andmore.android.devices.services - 0.5.0.201605181018
2017-04-12 19:11:06,046 - org.eclipse.andmore.android.db.devices - 0.5.0.201605181018
2017-04-12 19:11:06,046 - org.eclipse.andmore.android.installer - 0.5.0.201605181018
2017-04-12 19:11:06,046 - org.eclipse.andmore.android.logger.collector - 0.5.0.201605181018
2017-04-12 19:11:06,050 - org.eclipse.emf.mapping.ui - 2.7.0.v20160526-0356
2017-04-12 19:11:06,061 - org.eclipse.mylyn.monitor.core - 3.21.0.v20160630-1702
2017-04-12 19:11:06,061 - org.eclipse.mylyn.monitor.ui - 3.21.0.v20160630-1702
2017-04-12 19:11:06,084 - org.eclipse.datatools.connectivity.oda.template.ui - 3.3.0.201603142002
2017-04-12 19:11:06,090 - org.eclipse.sequoyah.vnc.vncviewer - 2.1.0.N20120718-0509
2017-04-12 19:11:06,095 - org.eclipse.emf.codegen.ecore.ui - 2.12.0.v20160526-0356
2017-04-12 19:11:06,099 - org.eclipse.emf.ecore.editor - 2.12.0.v20160526-0356
2017-04-12 19:11:06,102 - org.eclipse.epp.package.android - 4.6.3.20170314-1500
2017-04-12 19:11:06,107 - org.eclipse.mylyn.builds.core - 1.13.0.v20160704-1634
2017-04-12 19:11:06,116 - org.eclipse.mylyn.builds.ui - 1.13.0.v20160725-1817
2017-04-12 19:11:06,122 - org.eclipse.mylyn.context.core - 3.21.0.v20160701-1337
2017-04-12 19:11:06,122 - org.eclipse.mylyn.context.ui - 3.21.0.v20160701-1337
2017-04-12 19:11:06,122 - org.eclipse.mylyn.resources.ui - 3.21.0.v20160701-1337
2017-04-12 19:11:06,123 - org.eclipse.mylyn.context.tasks.ui - 3.21.0.v20160815-2336
2017-04-12 19:11:06,128 - org.eclipse.emf.databinding - 1.3.0.v20160526-0356
2017-04-12 19:11:06,133 - org.eclipse.datatools.connectivity.sqm.core.ui - 1.3.0.201603142002
2017-04-12 19:11:06,133 - org.eclipse.datatools.connectivity.sqm.core - 1.3.0.201603142002
2017-04-12 19:11:06,134 - org.eclipse.datatools.connectivity.sqm.server.ui - 1.2.0.201603142002
2017-04-12 19:11:06,134 - org.eclipse.datatools.connectivity.ui.dse - 1.2.0.201603142002
2017-04-12 19:11:06,134 - org.eclipse.datatools.connectivity.ui - 1.3.0.201603142002
2017-04-12 19:11:06,134 - org.eclipse.datatools.connectivity - 1.13.0.201603142002
2017-04-12 19:11:06,134 - org.eclipse.datatools.help - 1.6.0.201603142002
2017-04-12 19:11:06,134 - org.eclipse.datatools.connectivity.console.profile - 1.1.0.201603142002
2017-04-12 19:11:06,147 - org.eclipse.oomph.setup - 1.7.0.v20170224-1311
2017-04-12 19:11:06,147 - org.eclipse.oomph.setup.edit - 1.7.0.v20170104-1401
2017-04-12 19:11:06,148 - org.eclipse.oomph.setup.core - 1.7.0.v20170301-0747
2017-04-12 19:11:06,148 - org.eclipse.oomph.setup.sync - 1.7.0.v20170201-1631
2017-04-12 19:11:06,148 - org.eclipse.oomph.setup.p2 - 1.7.0.v20170217-1051
2017-04-12 19:11:06,148 - org.eclipse.oomph.setup.p2.edit - 1.7.0.v20161230-1057
2017-04-12 19:11:06,148 - org.eclipse.oomph.preferences - 1.7.0.v20170104-1401
2017-04-12 19:11:06,149 - org.eclipse.oomph.jreinfo - 1.7.0.v20170201-1645
2017-04-12 19:11:06,150 - org.eclipse.oomph.jreinfo.win32.x86_64 - 1.2.0.v20160426-0508
2017-04-12 19:11:06,152 - org.eclipse.oomph.extractor.lib - 1.3.0.v20161116-0647
2017-04-12 19:11:06,152 - org.apache.commons.logging - 1.1.1.v201101211721
2017-04-12 19:11:06,152 - org.apache.commons.codec - 1.6.0.v201305230611
2017-04-12 19:11:06,154 - org.apache.httpcomponents.httpclient - 4.3.6.v201511171540
2017-04-12 19:11:06,154 - org.apache.httpcomponents.httpcore - 4.3.3.v201411290715
2017-04-12 19:11:06,154 - org.eclipse.userstorage - 1.0.1.v20170201-1648
2017-04-12 19:11:06,154 - org.eclipse.userstorage.ui - 1.0.1.v20170201-1648
